{"timestamp":"2025-05-27T15:16:35.280Z","level":"INFO","message":"Delete initiated for Quotation ID: 68358fb7226b5f5bb6064d9d by User: test@gmail.com","userId":"6834acdec85453f28687257b","quotationId":"68358fb7226b5f5bb6064d9d","model":"Quotation"}
{"timestamp":"2025-05-27T15:16:35.322Z","level":"INFO","message":"Attempting to backup Quotation ID: 68358fb7226b5f5bb6064d9d","userId":"6834acdec85453f28687257b","originalId":"68358fb7226b5f5bb6064d9d","model":"Quotation"}
{"timestamp":"2025-05-27T15:16:35.400Z","level":"INFO","message":"Quotation successfully backed up","userId":"6834acdec85453f28687257b","originalId":"68358fb7226b5f5bb6064d9d","backupId":"68358fb7226b5f5bb6064d9d","model":"QuotationBackup"}
{"timestamp":"2025-05-27T15:16:35.401Z","level":"INFO","message":"Attempting to delete original Quotation ID: 68358fb7226b5f5bb6064d9d","userId":"6834acdec85453f28687257b","originalId":"68358fb7226b5f5bb6064d9d","model":"Quotation"}
{"timestamp":"2025-05-27T15:16:35.436Z","level":"INFO","message":"Original Quotation successfully deleted","userId":"6834acdec85453f28687257b","originalId":"68358fb7226b5f5bb6064d9d","model":"Quotation"}
{"timestamp":"2025-05-27T15:16:35.483Z","level":"INFO","message":"Removed quotation reference 68358fb7226b5f5bb6064d9d from Client ID: 68358fb3226b5f5bb6064d96","model":"Client","targetClientId":"68358fb3226b5f5bb6064d96"}
{"timestamp":"2025-05-27T15:17:01.705Z","level":"INFO","message":"Delete initiated for Quotation ID: 68359302a835a365dacce637 by User: test@gmail.com","userId":"6834acdec85453f28687257b","quotationId":"68359302a835a365dacce637","model":"Quotation"}
{"timestamp":"2025-05-27T15:17:01.763Z","level":"INFO","message":"Attempting to backup Quotation ID: 68359302a835a365dacce637","userId":"6834acdec85453f28687257b","originalId":"68359302a835a365dacce637","model":"Quotation"}
{"timestamp":"2025-05-27T15:17:01.810Z","level":"INFO","message":"Quotation successfully backed up","userId":"6834acdec85453f28687257b","originalId":"68359302a835a365dacce637","backupId":"68359302a835a365dacce637","model":"QuotationBackup"}
{"timestamp":"2025-05-27T15:17:01.811Z","level":"INFO","message":"Attempting to delete original Quotation ID: 68359302a835a365dacce637","userId":"6834acdec85453f28687257b","originalId":"68359302a835a365dacce637","model":"Quotation"}
{"timestamp":"2025-05-27T15:17:01.853Z","level":"INFO","message":"Original Quotation successfully deleted","userId":"6834acdec85453f28687257b","originalId":"68359302a835a365dacce637","model":"Quotation"}
{"timestamp":"2025-05-27T15:17:01.904Z","level":"INFO","message":"Removed quotation reference 68359302a835a365dacce637 from Client ID: 68355a3b2d6ca8d07c3c10bb","model":"Client","targetClientId":"68355a3b2d6ca8d07c3c10bb"}
{"timestamp":"2025-05-27T15:40:50.055Z","level":"INFO","message":"[DELETE_INITIATED] Quotation ID: 68357fd4947ee7e444e2ac8f by User: test@gmail.com.","userId":"6834acdec85453f28687257b","quotationId":"68357fd4947ee7e444e2ac8f","model":"Quotation","operation":"delete","userEmail":"test@gmail.com"}
{"timestamp":"2025-05-27T15:40:50.210Z","level":"INFO","message":"[BACKUP_SUCCESS] Quotation successfully backed up. Backup ID: 68357fd4947ee7e444e2ac8f.","userId":"6834acdec85453f28687257b","quotationId":"68357fd4947ee7e444e2ac8f","model":"Quotation","operation":"delete","userEmail":"test@gmail.com","originalId":"68357fd4947ee7e444e2ac8f","backupId":"68357fd4947ee7e444e2ac8f","backupModel":"QuotationBackup"}
{"timestamp":"2025-05-27T15:40:50.255Z","level":"INFO","message":"[ORIGINAL_DELETE_SUCCESS] Original Quotation successfully deleted.","userId":"6834acdec85453f28687257b","quotationId":"68357fd4947ee7e444e2ac8f","model":"Quotation","operation":"delete","userEmail":"test@gmail.com","originalId":"68357fd4947ee7e444e2ac8f"}
{"timestamp":"2025-05-27T15:40:50.299Z","level":"INFO","message":"[CLIENT_REF_REMOVE_SUCCESS] Removed quotation reference 68357fd4947ee7e444e2ac8f from Client ID: 68355a3b2d6ca8d07c3c10bb.","userId":"6834acdec85453f28687257b","quotationId":"68357fd4947ee7e444e2ac8f","model":"Quotation","operation":"delete","userEmail":"test@gmail.com","targetModel":"Client","targetClientId":"68355a3b2d6ca8d07c3c10bb"}
{"timestamp":"2025-05-27T15:45:07.105Z","level":"INFO","message":"[DELETE_INITIATED] Ticket ID: 6835a2e5a835a365dacce83a by User: test@gmail.com.","userId":"6834acdec85453f28687257b","ticketId":"6835a2e5a835a365dacce83a","model":"Ticket","operation":"delete","userEmail":"test@gmail.com"}
{"timestamp":"2025-05-27T15:45:07.330Z","level":"INFO","message":"[BACKUP_SUCCESS] Ticket successfully backed up. Backup ID: 6835a2e5a835a365dacce83a.","userId":"6834acdec85453f28687257b","ticketId":"6835a2e5a835a365dacce83a","model":"Ticket","operation":"delete","userEmail":"test@gmail.com","originalId":"6835a2e5a835a365dacce83a","backupId":"6835a2e5a835a365dacce83a","backupModel":"TicketBackup"}
{"timestamp":"2025-05-27T15:45:07.381Z","level":"INFO","message":"[ORIGINAL_DELETE_SUCCESS] Original Ticket successfully deleted.","userId":"6834acdec85453f28687257b","ticketId":"6835a2e5a835a365dacce83a","model":"Ticket","operation":"delete","userEmail":"test@gmail.com","originalId":"6835a2e5a835a365dacce83a"}
{"timestamp":"2025-05-27T15:45:07.434Z","level":"INFO","message":"[USER_TICKET_REF_REMOVE_SUCCESS] Removed ticket reference 6835a2e5a835a365dacce83a from User ID: 6834acdec85453f28687257b.","userId":"6834acdec85453f28687257b","ticketId":"6835a2e5a835a365dacce83a","model":"Ticket","operation":"delete","userEmail":"test@gmail.com","targetUserId":"6834acdec85453f28687257b"}
{"timestamp":"2025-05-27T15:45:07.500Z","level":"INFO","message":"[USER_TICKET_REF_REMOVE_SUCCESS] Removed ticket reference 6835a2e5a835a365dacce83a from User ID: 6834a9b08b2ae94c1ce179dd.","userId":"6834acdec85453f28687257b","ticketId":"6835a2e5a835a365dacce83a","model":"Ticket","operation":"delete","userEmail":"test@gmail.com","targetUserId":"6834a9b08b2ae94c1ce179dd"}
