[2025-05-30 00:00:04] [System] [ERROR] [localStorageAccessOrParse] - Failed to get/parse auth token from localStorage | Error: Unexpected token 'e', "eyJhbGciOi"... is not valid JSON
  Stack Trace:
  SyntaxError: Unexpected token 'e', "eyJhbGciOi"... is not valid JSON
      at JSON.parse (<anonymous>)
      at getAuthToken (http://localhost:5173/src/utils/authUtils.js:17:27)
      at fetchUsers (http://localhost:5173/src/pages/Users.jsx:78:31)
      at http://localhost:5173/src/pages/Users.jsx:132:5
      at react-stack-bottom-frame (http://localhost:5173/node_modules/.vite/deps/react-dom_client.js?v=91971e34:17478:20)
      at runWithFiberInDEV (http://localhost:5173/node_modules/.vite/deps/react-dom_client.js?v=91971e34:1485:72)
      at commitHookEffectListMount (http://localhost:5173/node_modules/.vite/deps/react-dom_client.js?v=91971e34:8460:122)
      at commitHookPassiveMountEffects (http://localhost:5173/node_modules/.vite/deps/react-dom_client.js?v=91971e34:8518:60)
      at commitPassiveMountOnFiber (http://localhost:5173/node_modules/.vite/deps/react-dom_client.js?v=91971e34:9887:29)
      at recursivelyTraversePassiveMountEffects (http://localhost:5173/node_modules/.vite/deps/react-dom_client.js?v=91971e34:9868:13) | Details: {"context":"getAuthToken - localStorage access or JSON.parse error"}
[2025-05-30 00:00:05] [System] [ERROR] [localStorageAccessOrParse] - Failed to get/parse auth token from localStorage | Error: Unexpected token 'e', "eyJhbGciOi"... is not valid JSON
  Stack Trace:
  SyntaxError: Unexpected token 'e', "eyJhbGciOi"... is not valid JSON
      at JSON.parse (<anonymous>)
      at getAuthToken (http://localhost:5173/src/utils/authUtils.js:17:27)
      at fetchUsers (http://localhost:5173/src/pages/Users.jsx:78:31)
      at http://localhost:5173/src/pages/Users.jsx:132:5
      at react-stack-bottom-frame (http://localhost:5173/node_modules/.vite/deps/react-dom_client.js?v=91971e34:17478:20)
      at runWithFiberInDEV (http://localhost:5173/node_modules/.vite/deps/react-dom_client.js?v=91971e34:1485:72)
      at commitHookEffectListMount (http://localhost:5173/node_modules/.vite/deps/react-dom_client.js?v=91971e34:8460:122)
      at commitHookPassiveMountEffects (http://localhost:5173/node_modules/.vite/deps/react-dom_client.js?v=91971e34:8518:60)
      at reconnectPassiveEffects (http://localhost:5173/node_modules/.vite/deps/react-dom_client.js?v=91971e34:10016:13)
      at doubleInvokeEffectsOnFiber (http://localhost:5173/node_modules/.vite/deps/react-dom_client.js?v=91971e34:11461:207) | Details: {"context":"getAuthToken - localStorage access or JSON.parse error"}
[2025-05-30 00:01:31] [System] [INFO] [server-lifecycle] - Server started and listening on port 3000
[2025-05-30 00:06:50] [System] [WARN] [authDataFormat] - Raw token string found in 'erp-user' localStorage instead of JSON object. Using raw token. | Details: {"storedDataPreview":"eyJhbGciOiJIUzI1NiIsInR5cCI6Ik"}
[2025-05-30 00:06:50] [System] [WARN] [authDataFormat] - Raw token string found in 'erp-user' localStorage instead of JSON object. Using raw token. | Details: {"storedDataPreview":"eyJhbGciOiJIUzI1NiIsInR5cCI6Ik"}
[2025-05-30 00:06:52] [System] [WARN] [authDataFormat] - Raw token string found in 'erp-user' localStorage instead of JSON object. Using raw token. | Details: {"storedDataPreview":"eyJhbGciOiJIUzI1NiIsInR5cCI6Ik"}
[2025-05-30 00:06:52] [System] [WARN] [authDataFormat] - Raw token string found in 'erp-user' localStorage instead of JSON object. Using raw token. | Details: {"storedDataPreview":"eyJhbGciOiJIUzI1NiIsInR5cCI6Ik"}
[2025-05-30 00:06:53] [System] [WARN] [authDataFormat] - Raw token string found in 'erp-user' localStorage instead of JSON object. Using raw token. | Details: {"storedDataPreview":"eyJhbGciOiJIUzI1NiIsInR5cCI6Ik"}
[2025-05-30 00:06:57] [System] [WARN] [authDataFormat] - Raw token string found in 'erp-user' localStorage instead of JSON object. Using raw token. | Details: {"storedDataPreview":"eyJhbGciOiJIUzI1NiIsInR5cCI6Ik"}
[2025-05-30 00:07:00] [System] [WARN] [authDataFormat] - Raw token string found in 'erp-user' localStorage instead of JSON object. Using raw token. | Details: {"storedDataPreview":"eyJhbGciOiJIUzI1NiIsInR5cCI6Ik"}
[2025-05-30 00:07:23] [System] [WARN] [authDataFormat] - Raw token string found in 'erp-user' localStorage instead of JSON object. Using raw token. | Details: {"storedDataPreview":"eyJhbGciOiJIUzI1NiIsInR5cCI6Ik"}
[2025-05-30 00:07:23] [System] [WARN] [authDataFormat] - Raw token string found in 'erp-user' localStorage instead of JSON object. Using raw token. | Details: {"storedDataPreview":"eyJhbGciOiJIUzI1NiIsInR5cCI6Ik"}
[2025-05-30 00:09:43] [Raghav Sobti] [WARN] [authDataFormat] - Raw token string found in 'erp-user' localStorage instead of JSON object. Using raw token. | Details: {"storedDataPreview":"eyJhbGciOiJIUzI1NiIsInR5cCI6Ik"}
[2025-05-30 00:09:43] [Raghav Sobti] [ERROR] [quotationActivity] - Failed to fetch quotations | Error: authTokenString is not defined
  Stack Trace:
  ReferenceError: authTokenString is not defined
      at http://localhost:5173/src/pages/Quotations.jsx?t=1748543979054:633:36
      at http://localhost:5173/src/pages/Quotations.jsx?t=1748543979054:664:7
      at react-stack-bottom-frame (http://localhost:5173/node_modules/.vite/deps/react-dom_client.js?v=91971e34:17478:20)
      at runWithFiberInDEV (http://localhost:5173/node_modules/.vite/deps/react-dom_client.js?v=91971e34:1485:72)
      at commitHookEffectListMount (http://localhost:5173/node_modules/.vite/deps/react-dom_client.js?v=91971e34:8460:122)
      at commitHookPassiveMountEffects (http://localhost:5173/node_modules/.vite/deps/react-dom_client.js?v=91971e34:8518:60)
      at commitPassiveMountOnFiber (http://localhost:5173/node_modules/.vite/deps/react-dom_client.js?v=91971e34:9887:29)
      at recursivelyTraversePassiveMountEffects (http://localhost:5173/node_modules/.vite/deps/react-dom_client.js?v=91971e34:9868:13)
      at commitPassiveMountOnFiber (http://localhost:5173/node_modules/.vite/deps/react-dom_client.js?v=91971e34:9881:13)
      at recursivelyTraversePassiveMountEffects (http://localhost:5173/node_modules/.vite/deps/react-dom_client.js?v=91971e34:9868:13) | Details: {"statusFilter":"all","action":"FETCH_QUOTATIONS_FAILURE"}
[2025-05-30 00:09:43] [Raghav Sobti] [ERROR] [quotationActivity] - Failed to fetch quotations | Error: authTokenString is not defined
  Stack Trace:
  ReferenceError: authTokenString is not defined
      at http://localhost:5173/src/pages/Quotations.jsx?t=1748543979054:633:36
      at http://localhost:5173/src/pages/Quotations.jsx?t=1748543979054:664:7
      at react-stack-bottom-frame (http://localhost:5173/node_modules/.vite/deps/react-dom_client.js?v=91971e34:17478:20)
      at runWithFiberInDEV (http://localhost:5173/node_modules/.vite/deps/react-dom_client.js?v=91971e34:1485:72)
      at commitHookEffectListMount (http://localhost:5173/node_modules/.vite/deps/react-dom_client.js?v=91971e34:8460:122)
      at commitHookPassiveMountEffects (http://localhost:5173/node_modules/.vite/deps/react-dom_client.js?v=91971e34:8518:60)
      at reconnectPassiveEffects (http://localhost:5173/node_modules/.vite/deps/react-dom_client.js?v=91971e34:10016:13)
      at recursivelyTraverseReconnectPassiveEffects (http://localhost:5173/node_modules/.vite/deps/react-dom_client.js?v=91971e34:9995:11)
      at reconnectPassiveEffects (http://localhost:5173/node_modules/.vite/deps/react-dom_client.js?v=91971e34:10009:13)
      at doubleInvokeEffectsOnFiber (http://localhost:5173/node_modules/.vite/deps/react-dom_client.js?v=91971e34:11461:207) | Details: {"statusFilter":"all","action":"FETCH_QUOTATIONS_FAILURE"}
[2025-05-30 00:09:43] [Raghav Sobti] [WARN] [authDataFormat] - Raw token string found in 'erp-user' localStorage instead of JSON object. Using raw token. | Details: {"storedDataPreview":"eyJhbGciOiJIUzI1NiIsInR5cCI6Ik"}
[2025-05-30 00:09:44] [Raghav Sobti] [WARN] [authDataFormat] - Raw token string found in 'erp-user' localStorage instead of JSON object. Using raw token. | Details: {"storedDataPreview":"eyJhbGciOiJIUzI1NiIsInR5cCI6Ik"}
[2025-05-30 00:09:44] [Raghav Sobti] [ERROR] [quotationActivity] - Failed to fetch quotations | Error: authTokenString is not defined
  Stack Trace:
  ReferenceError: authTokenString is not defined
      at http://localhost:5173/src/pages/Quotations.jsx?t=1748543979054:633:36
      at http://localhost:5173/src/pages/Quotations.jsx?t=1748543979054:664:7
      at react-stack-bottom-frame (http://localhost:5173/node_modules/.vite/deps/react-dom_client.js?v=91971e34:17478:20)
      at runWithFiberInDEV (http://localhost:5173/node_modules/.vite/deps/react-dom_client.js?v=91971e34:1485:72)
      at commitHookEffectListMount (http://localhost:5173/node_modules/.vite/deps/react-dom_client.js?v=91971e34:8460:122)
      at commitHookPassiveMountEffects (http://localhost:5173/node_modules/.vite/deps/react-dom_client.js?v=91971e34:8518:60)
      at commitPassiveMountOnFiber (http://localhost:5173/node_modules/.vite/deps/react-dom_client.js?v=91971e34:9887:29)
      at recursivelyTraversePassiveMountEffects (http://localhost:5173/node_modules/.vite/deps/react-dom_client.js?v=91971e34:9868:13)
      at commitPassiveMountOnFiber (http://localhost:5173/node_modules/.vite/deps/react-dom_client.js?v=91971e34:9881:13)
      at recursivelyTraversePassiveMountEffects (http://localhost:5173/node_modules/.vite/deps/react-dom_client.js?v=91971e34:9868:13) | Details: {"statusFilter":"all","action":"FETCH_QUOTATIONS_FAILURE"}
[2025-05-30 00:09:44] [Raghav Sobti] [WARN] [authDataFormat] - Raw token string found in 'erp-user' localStorage instead of JSON object. Using raw token. | Details: {"storedDataPreview":"eyJhbGciOiJIUzI1NiIsInR5cCI6Ik"}
[2025-05-30 00:09:44] [Raghav Sobti] [ERROR] [quotationActivity] - Failed to fetch quotations | Error: authTokenString is not defined
  Stack Trace:
  ReferenceError: authTokenString is not defined
      at http://localhost:5173/src/pages/Quotations.jsx?t=1748543979054:633:36
      at http://localhost:5173/src/pages/Quotations.jsx?t=1748543979054:664:7
      at react-stack-bottom-frame (http://localhost:5173/node_modules/.vite/deps/react-dom_client.js?v=91971e34:17478:20)
      at runWithFiberInDEV (http://localhost:5173/node_modules/.vite/deps/react-dom_client.js?v=91971e34:1485:72)
      at commitHookEffectListMount (http://localhost:5173/node_modules/.vite/deps/react-dom_client.js?v=91971e34:8460:122)
      at commitHookPassiveMountEffects (http://localhost:5173/node_modules/.vite/deps/react-dom_client.js?v=91971e34:8518:60)
      at reconnectPassiveEffects (http://localhost:5173/node_modules/.vite/deps/react-dom_client.js?v=91971e34:10016:13)
      at recursivelyTraverseReconnectPassiveEffects (http://localhost:5173/node_modules/.vite/deps/react-dom_client.js?v=91971e34:9995:11)
      at reconnectPassiveEffects (http://localhost:5173/node_modules/.vite/deps/react-dom_client.js?v=91971e34:10009:13)
      at recursivelyTraverseReconnectPassiveEffects (http://localhost:5173/node_modules/.vite/deps/react-dom_client.js?v=91971e34:9995:11) | Details: {"statusFilter":"all","action":"FETCH_QUOTATIONS_FAILURE"}
[2025-05-30 00:09:44] [Raghav Sobti] [WARN] [authDataFormat] - Raw token string found in 'erp-user' localStorage instead of JSON object. Using raw token. | Details: {"storedDataPreview":"eyJhbGciOiJIUzI1NiIsInR5cCI6Ik"}
[2025-05-30 00:09:44] [Raghav Sobti] [ERROR] [quotationActivity] - Failed to fetch quotations | Error: authTokenString is not defined
  Stack Trace:
  ReferenceError: authTokenString is not defined
      at http://localhost:5173/src/pages/Quotations.jsx?t=1748543979054:633:36
      at http://localhost:5173/src/pages/Quotations.jsx?t=1748543979054:664:7
      at react-stack-bottom-frame (http://localhost:5173/node_modules/.vite/deps/react-dom_client.js?v=91971e34:17478:20)
      at runWithFiberInDEV (http://localhost:5173/node_modules/.vite/deps/react-dom_client.js?v=91971e34:1485:72)
      at commitHookEffectListMount (http://localhost:5173/node_modules/.vite/deps/react-dom_client.js?v=91971e34:8460:122)
      at commitHookPassiveMountEffects (http://localhost:5173/node_modules/.vite/deps/react-dom_client.js?v=91971e34:8518:60)
      at commitPassiveMountOnFiber (http://localhost:5173/node_modules/.vite/deps/react-dom_client.js?v=91971e34:9887:29)
      at recursivelyTraversePassiveMountEffects (http://localhost:5173/node_modules/.vite/deps/react-dom_client.js?v=91971e34:9868:13)
      at commitPassiveMountOnFiber (http://localhost:5173/node_modules/.vite/deps/react-dom_client.js?v=91971e34:9881:13)
      at recursivelyTraversePassiveMountEffects (http://localhost:5173/node_modules/.vite/deps/react-dom_client.js?v=91971e34:9868:13) | Details: {"statusFilter":"all","action":"FETCH_QUOTATIONS_FAILURE"}
[2025-05-30 00:10:04] [System] [WARN] [authDataFormat] - Raw token string found in 'erp-user' localStorage instead of JSON object. Using raw token. | Details: {"storedDataPreview":"eyJhbGciOiJIUzI1NiIsInR5cCI6Ik"}
[2025-05-30 00:10:04] [System] [WARN] [authDataFormat] - Raw token string found in 'erp-user' localStorage instead of JSON object. Using raw token. | Details: {"storedDataPreview":"eyJhbGciOiJIUzI1NiIsInR5cCI6Ik"}
[2025-05-30 00:10:05] [System] [WARN] [authDataFormat] - Raw token string found in 'erp-user' localStorage instead of JSON object. Using raw token. | Details: {"storedDataPreview":"eyJhbGciOiJIUzI1NiIsInR5cCI6Ik"}
[2025-05-30 00:10:11] [Raghav Sobti] [WARN] [authDataFormat] - Raw token string found in 'erp-user' localStorage instead of JSON object. Using raw token. | Details: {"storedDataPreview":"eyJhbGciOiJIUzI1NiIsInR5cCI6Ik"}
[2025-05-30 00:10:11] [Raghav Sobti] [WARN] [authDataFormat] - Raw token string found in 'erp-user' localStorage instead of JSON object. Using raw token. | Details: {"storedDataPreview":"eyJhbGciOiJIUzI1NiIsInR5cCI6Ik"}
[2025-05-30 14:35:15] [System] [INFO] [server-lifecycle] - Server started and listening on port 3000
[2025-05-30 14:35:19] [System] [WARN] [authDataFormat] - Raw token string found in 'erp-user' localStorage instead of JSON object. Using raw token. | Details: {"storedDataPreview":"eyJhbGciOiJIUzI1NiIsInR5cCI6Ik"}
[2025-05-30 14:35:19] [Raghav Sobti] [WARN] [authDataFormat] - Raw token string found in 'erp-user' localStorage instead of JSON object. Using raw token. | Details: {"storedDataPreview":"eyJhbGciOiJIUzI1NiIsInR5cCI6Ik"}
[2025-05-30 14:35:19] [System] [WARN] [authDataFormat] - Raw token string found in 'erp-user' localStorage instead of JSON object. Using raw token. | Details: {"storedDataPreview":"eyJhbGciOiJIUzI1NiIsInR5cCI6Ik"}
[2025-05-30 14:35:19] [Raghav Sobti] [WARN] [authDataFormat] - Raw token string found in 'erp-user' localStorage instead of JSON object. Using raw token. | Details: {"storedDataPreview":"eyJhbGciOiJIUzI1NiIsInR5cCI6Ik"}
[2025-05-30 14:35:19] [System] [WARN] [authDataFormat] - Raw token string found in 'erp-user' localStorage instead of JSON object. Using raw token. | Details: {"storedDataPreview":"eyJhbGciOiJIUzI1NiIsInR5cCI6Ik"}
[2025-05-30 14:35:19] [Raghav Sobti] [WARN] [authDataFormat] - Raw token string found in 'erp-user' localStorage instead of JSON object. Using raw token. | Details: {"storedDataPreview":"eyJhbGciOiJIUzI1NiIsInR5cCI6Ik"}
[2025-05-30 14:35:21] [System] [WARN] [authDataFormat] - Raw token string found in 'erp-user' localStorage instead of JSON object. Using raw token. | Details: {"storedDataPreview":"eyJhbGciOiJIUzI1NiIsInR5cCI6Ik"}
[2025-05-30 14:35:21] [System] [WARN] [authDataFormat] - Raw token string found in 'erp-user' localStorage instead of JSON object. Using raw token. | Details: {"storedDataPreview":"eyJhbGciOiJIUzI1NiIsInR5cCI6Ik"}
[2025-05-30 14:35:22] [System] [WARN] [authDataFormat] - Raw token string found in 'erp-user' localStorage instead of JSON object. Using raw token. | Details: {"storedDataPreview":"eyJhbGciOiJIUzI1NiIsInR5cCI6Ik"}
[2025-05-30 14:35:22] [System] [WARN] [authDataFormat] - Raw token string found in 'erp-user' localStorage instead of JSON object. Using raw token. | Details: {"storedDataPreview":"eyJhbGciOiJIUzI1NiIsInR5cCI6Ik"}
[2025-05-30 14:35:23] [System] [WARN] [authDataFormat] - Raw token string found in 'erp-user' localStorage instead of JSON object. Using raw token. | Details: {"storedDataPreview":"eyJhbGciOiJIUzI1NiIsInR5cCI6Ik"}
[2025-05-30 14:35:23] [System] [WARN] [authDataFormat] - Raw token string found in 'erp-user' localStorage instead of JSON object. Using raw token. | Details: {"storedDataPreview":"eyJhbGciOiJIUzI1NiIsInR5cCI6Ik"}
[2025-05-30 14:35:25] [System] [WARN] [authDataFormat] - Raw token string found in 'erp-user' localStorage instead of JSON object. Using raw token. | Details: {"storedDataPreview":"eyJhbGciOiJIUzI1NiIsInR5cCI6Ik"}
[2025-05-30 14:35:25] [System] [WARN] [authDataFormat] - Raw token string found in 'erp-user' localStorage instead of JSON object. Using raw token. | Details: {"storedDataPreview":"eyJhbGciOiJIUzI1NiIsInR5cCI6Ik"}
[2025-05-30 14:35:27] [System] [WARN] [authDataFormat] - Raw token string found in 'erp-user' localStorage instead of JSON object. Using raw token. | Details: {"storedDataPreview":"eyJhbGciOiJIUzI1NiIsInR5cCI6Ik"}
[2025-05-30 14:35:27] [System] [WARN] [authDataFormat] - Raw token string found in 'erp-user' localStorage instead of JSON object. Using raw token. | Details: {"storedDataPreview":"eyJhbGciOiJIUzI1NiIsInR5cCI6Ik"}
[2025-05-30 14:35:30] [System] [WARN] [authDataFormat] - Raw token string found in 'erp-user' localStorage instead of JSON object. Using raw token. | Details: {"storedDataPreview":"eyJhbGciOiJIUzI1NiIsInR5cCI6Ik"}
[2025-05-30 14:35:30] [Raghav Sobti] [WARN] [authDataFormat] - Raw token string found in 'erp-user' localStorage instead of JSON object. Using raw token. | Details: {"storedDataPreview":"eyJhbGciOiJIUzI1NiIsInR5cCI6Ik"}
[2025-05-30 14:35:30] [System] [WARN] [authDataFormat] - Raw token string found in 'erp-user' localStorage instead of JSON object. Using raw token. | Details: {"storedDataPreview":"eyJhbGciOiJIUzI1NiIsInR5cCI6Ik"}
[2025-05-30 14:35:30] [Raghav Sobti] [WARN] [authDataFormat] - Raw token string found in 'erp-user' localStorage instead of JSON object. Using raw token. | Details: {"storedDataPreview":"eyJhbGciOiJIUzI1NiIsInR5cCI6Ik"}
[2025-05-30 14:35:34] [System] [WARN] [authDataFormat] - Raw token string found in 'erp-user' localStorage instead of JSON object. Using raw token. | Details: {"storedDataPreview":"eyJhbGciOiJIUzI1NiIsInR5cCI6Ik"}
[2025-05-30 14:35:34] [System] [WARN] [authDataFormat] - Raw token string found in 'erp-user' localStorage instead of JSON object. Using raw token. | Details: {"storedDataPreview":"eyJhbGciOiJIUzI1NiIsInR5cCI6Ik"}
[2025-05-30 14:35:37] [System] [WARN] [authDataFormat] - Raw token string found in 'erp-user' localStorage instead of JSON object. Using raw token. | Details: {"storedDataPreview":"eyJhbGciOiJIUzI1NiIsInR5cCI6Ik"}
[2025-05-30 14:35:37] [System] [WARN] [authDataFormat] - Raw token string found in 'erp-user' localStorage instead of JSON object. Using raw token. | Details: {"storedDataPreview":"eyJhbGciOiJIUzI1NiIsInR5cCI6Ik"}
[2025-05-30 14:37:29] [System] [INFO] [server-lifecycle] - Server started and listening on port 3000
[2025-05-30 14:37:32] [System] [WARN] [authDataFormat] - Raw token string found in 'erp-user' localStorage instead of JSON object. Using raw token. | Details: {"storedDataPreview":"eyJhbGciOiJIUzI1NiIsInR5cCI6Ik"}
[2025-05-30 14:37:32] [System] [WARN] [authDataFormat] - Raw token string found in 'erp-user' localStorage instead of JSON object. Using raw token. | Details: {"storedDataPreview":"eyJhbGciOiJIUzI1NiIsInR5cCI6Ik"}
[2025-05-30 14:37:33] [System] [WARN] [authDataFormat] - Raw token string found in 'erp-user' localStorage instead of JSON object. Using raw token. | Details: {"storedDataPreview":"eyJhbGciOiJIUzI1NiIsInR5cCI6Ik"}
[2025-05-30 14:39:26] [System] [INFO] [server-lifecycle] - Server started and listening on port 3000
[2025-05-30 14:39:35] [System] [WARN] [authDataFormat] - Raw token string found in 'erp-user' localStorage instead of JSON object. Using raw token. | Details: {"storedDataPreview":"eyJhbGciOiJIUzI1NiIsInR5cCI6Ik"}
[2025-05-30 14:39:35] [System] [WARN] [authDataFormat] - Raw token string found in 'erp-user' localStorage instead of JSON object. Using raw token. | Details: {"storedDataPreview":"eyJhbGciOiJIUzI1NiIsInR5cCI6Ik"}
[2025-05-30 14:39:35] [System] [WARN] [authDataFormat] - Raw token string found in 'erp-user' localStorage instead of JSON object. Using raw token. | Details: {"storedDataPreview":"eyJhbGciOiJIUzI1NiIsInR5cCI6Ik"}
[2025-05-30 14:39:37] [System] [WARN] [authDataFormat] - Raw token string found in 'erp-user' localStorage instead of JSON object. Using raw token. | Details: {"storedDataPreview":"eyJhbGciOiJIUzI1NiIsInR5cCI6Ik"}
[2025-05-30 14:39:37] [System] [WARN] [authDataFormat] - Raw token string found in 'erp-user' localStorage instead of JSON object. Using raw token. | Details: {"storedDataPreview":"eyJhbGciOiJIUzI1NiIsInR5cCI6Ik"}
[2025-05-30 14:39:38] [System] [WARN] [authDataFormat] - Raw token string found in 'erp-user' localStorage instead of JSON object. Using raw token. | Details: {"storedDataPreview":"eyJhbGciOiJIUzI1NiIsInR5cCI6Ik"}
[2025-05-30 14:39:38] [System] [WARN] [authDataFormat] - Raw token string found in 'erp-user' localStorage instead of JSON object. Using raw token. | Details: {"storedDataPreview":"eyJhbGciOiJIUzI1NiIsInR5cCI6Ik"}
[2025-05-30 14:40:07] [System] [INFO] [server-lifecycle] - Server started and listening on port 3000
[2025-05-30 14:40:11] [System] [WARN] [authDataFormat] - Raw token string found in 'erp-user' localStorage instead of JSON object. Using raw token. | Details: {"storedDataPreview":"eyJhbGciOiJIUzI1NiIsInR5cCI6Ik"}
[2025-05-30 14:40:11] [System] [WARN] [authDataFormat] - Raw token string found in 'erp-user' localStorage instead of JSON object. Using raw token. | Details: {"storedDataPreview":"eyJhbGciOiJIUzI1NiIsInR5cCI6Ik"}
[2025-05-30 14:40:11] [System] [WARN] [authDataFormat] - Raw token string found in 'erp-user' localStorage instead of JSON object. Using raw token. | Details: {"storedDataPreview":"eyJhbGciOiJIUzI1NiIsInR5cCI6Ik"}
[2025-05-30 14:40:33] [System] [INFO] [purchase_stock_update] - Found item by name match: testing add item (ID: 6838a0d68319816e868a5813). Proceeding with stock update.
[2025-05-30 14:40:33] [System] [INFO] [inventory] - Inventory updated for item: testing add item via purchase ekors123. Added: 1, New Qty: 1013
[2025-05-30 14:40:33] [System] [INFO] [purchase] - Bulk purchase added successfully. Invoice: ekors123 | Details: {"purchaseId":"68397609643faa518368212e","itemsProcessed":[{"name":"testing add item","hsnCode":"N/A","quantityPurchased":1}]}
[2025-05-30 14:40:42] [System] [WARN] [authDataFormat] - Raw token string found in 'erp-user' localStorage instead of JSON object. Using raw token. | Details: {"storedDataPreview":"eyJhbGciOiJIUzI1NiIsInR5cCI6Ik"}
[2025-05-30 14:40:42] [System] [WARN] [authDataFormat] - Raw token string found in 'erp-user' localStorage instead of JSON object. Using raw token. | Details: {"storedDataPreview":"eyJhbGciOiJIUzI1NiIsInR5cCI6Ik"}
[2025-05-30 14:40:51] [System] [WARN] [authDataFormat] - Raw token string found in 'erp-user' localStorage instead of JSON object. Using raw token. | Details: {"storedDataPreview":"eyJhbGciOiJIUzI1NiIsInR5cCI6Ik"}
[2025-05-30 14:40:51] [Raghav Sobti] [WARN] [authDataFormat] - Raw token string found in 'erp-user' localStorage instead of JSON object. Using raw token. | Details: {"storedDataPreview":"eyJhbGciOiJIUzI1NiIsInR5cCI6Ik"}
[2025-05-30 14:40:51] [System] [WARN] [authDataFormat] - Raw token string found in 'erp-user' localStorage instead of JSON object. Using raw token. | Details: {"storedDataPreview":"eyJhbGciOiJIUzI1NiIsInR5cCI6Ik"}
[2025-05-30 14:40:51] [Raghav Sobti] [WARN] [authDataFormat] - Raw token string found in 'erp-user' localStorage instead of JSON object. Using raw token. | Details: {"storedDataPreview":"eyJhbGciOiJIUzI1NiIsInR5cCI6Ik"}
[2025-05-30 14:40:56] [System] [WARN] [authDataFormat] - Raw token string found in 'erp-user' localStorage instead of JSON object. Using raw token. | Details: {"storedDataPreview":"eyJhbGciOiJIUzI1NiIsInR5cCI6Ik"}
[2025-05-30 14:40:56] [System] [WARN] [authDataFormat] - Raw token string found in 'erp-user' localStorage instead of JSON object. Using raw token. | Details: {"storedDataPreview":"eyJhbGciOiJIUzI1NiIsInR5cCI6Ik"}
[2025-05-30 14:41:17] [Raghav Sobti] [INFO] [quotation] - Quotation created successfully | Details: {"userId":"6834acdec85453f28687257b","operation":"create","quotationId":"68397635643faa51836821d1","referenceNumber":"Q-250530-144058","clientId":"68395eeddaa7bb72ce2f0b0c"}
[2025-05-30 14:41:17] [Raghav Sobti] [INFO] [quotationActivity] - Quotation Q-250530-144058 created | Details: {"quotationId":"68397635643faa51836821d1","referenceNumber":"Q-250530-144058","action":"CREATE_QUOTATION_SUCCESS"}
[2025-05-30 14:41:33] [Raghav Sobti] [ERROR] [ticketActivity] - Failed to check for existing ticket | Error: Request failed with status code 404
  Stack Trace:
  AxiosError: Request failed with status code 404
      at settle (http://localhost:5173/node_modules/.vite/deps/axios.js?v=91971e34:1218:12)
      at XMLHttpRequest.onloadend (http://localhost:5173/node_modules/.vite/deps/axios.js?v=91971e34:1550:7)
      at Axios.request (http://localhost:5173/node_modules/.vite/deps/axios.js?v=91971e34:2108:41)
      at async checkExistingTicket (http://localhost:5173/src/pages/Quotations.jsx?t=1748595901381:1104:24)
      at async handleTicketSubmit (http://localhost:5173/src/pages/Quotations.jsx?t=1748595901381:1134:28) | Details: {"quotationNumber":"Q-250530-144058","responseData":"<!DOCTYPE html>\n<html lang=\"en\">\n<head>\n<meta charset=\"utf-8\">\n<title>Error</title>\n</head>\n<body>\n<pre>Cannot GET /api/tickets/check/Q-250530-144058</pre>\n</body>\n</html>\n","action":"CHECK_EXISTING_TICKET_FAILURE"}
[2025-05-30 14:41:33] [Raghav Sobti] [WARN] [inventory] - Item testing add item stock is now negative: -37.
[2025-05-30 14:41:33] [Raghav Sobti] [INFO] [inventory] - Inventory updated for item: testing add item via ticket T-250530-144126. Original Qty: 1013, Decremented by: 1050, New Qty: -37
[2025-05-30 14:41:33] [Raghav Sobti] [INFO] [ticketActivity] - Ticket T-250530-144126 created successfully from quotation Q-250530-144058 | Details: {"action":"TICKET_CREATED_FROM_QUOTATION_SUCCESS","ticketNumber":"T-250530-144126","quotationNumber":"Q-250530-144058"}
[2025-05-30 14:41:33] [System] [WARN] [authDataFormat] - Raw token string found in 'erp-user' localStorage instead of JSON object. Using raw token. | Details: {"storedDataPreview":"eyJhbGciOiJIUzI1NiIsInR5cCI6Ik"}
[2025-05-30 14:41:33] [Raghav Sobti] [WARN] [authDataFormat] - Raw token string found in 'erp-user' localStorage instead of JSON object. Using raw token. | Details: {"storedDataPreview":"eyJhbGciOiJIUzI1NiIsInR5cCI6Ik"}
[2025-05-30 14:41:33] [System] [WARN] [authDataFormat] - Raw token string found in 'erp-user' localStorage instead of JSON object. Using raw token. | Details: {"storedDataPreview":"eyJhbGciOiJIUzI1NiIsInR5cCI6Ik"}
[2025-05-30 14:41:33] [Raghav Sobti] [WARN] [authDataFormat] - Raw token string found in 'erp-user' localStorage instead of JSON object. Using raw token. | Details: {"storedDataPreview":"eyJhbGciOiJIUzI1NiIsInR5cCI6Ik"}
[2025-05-30 14:41:36] [System] [WARN] [authDataFormat] - Raw token string found in 'erp-user' localStorage instead of JSON object. Using raw token. | Details: {"storedDataPreview":"eyJhbGciOiJIUzI1NiIsInR5cCI6Ik"}
[2025-05-30 14:41:36] [Raghav Sobti] [WARN] [authDataFormat] - Raw token string found in 'erp-user' localStorage instead of JSON object. Using raw token. | Details: {"storedDataPreview":"eyJhbGciOiJIUzI1NiIsInR5cCI6Ik"}
[2025-05-30 14:41:36] [System] [WARN] [authDataFormat] - Raw token string found in 'erp-user' localStorage instead of JSON object. Using raw token. | Details: {"storedDataPreview":"eyJhbGciOiJIUzI1NiIsInR5cCI6Ik"}
[2025-05-30 14:41:36] [Raghav Sobti] [WARN] [authDataFormat] - Raw token string found in 'erp-user' localStorage instead of JSON object. Using raw token. | Details: {"storedDataPreview":"eyJhbGciOiJIUzI1NiIsInR5cCI6Ik"}
[2025-05-30 14:41:36] [System] [WARN] [authDataFormat] - Raw token string found in 'erp-user' localStorage instead of JSON object. Using raw token. | Details: {"storedDataPreview":"eyJhbGciOiJIUzI1NiIsInR5cCI6Ik"}
[2025-05-30 14:41:36] [Raghav Sobti] [WARN] [authDataFormat] - Raw token string found in 'erp-user' localStorage instead of JSON object. Using raw token. | Details: {"storedDataPreview":"eyJhbGciOiJIUzI1NiIsInR5cCI6Ik"}
[2025-05-30 14:41:44] [System] [WARN] [authDataFormat] - Raw token string found in 'erp-user' localStorage instead of JSON object. Using raw token. | Details: {"storedDataPreview":"eyJhbGciOiJIUzI1NiIsInR5cCI6Ik"}
[2025-05-30 14:41:44] [System] [WARN] [authDataFormat] - Raw token string found in 'erp-user' localStorage instead of JSON object. Using raw token. | Details: {"storedDataPreview":"eyJhbGciOiJIUzI1NiIsInR5cCI6Ik"}
[2025-05-30 14:46:44] [System] [WARN] [authDataFormat] - Raw token string found in 'erp-user' localStorage instead of JSON object. Using raw token. | Details: {"storedDataPreview":"eyJhbGciOiJIUzI1NiIsInR5cCI6Ik"}
[2025-05-30 14:48:29] [System] [INFO] [server-lifecycle] - Server started and listening on port 3000
[2025-05-30 14:48:31] [System] [WARN] [authDataFormat] - Raw token string found in 'erp-user' localStorage instead of JSON object. Using raw token. | Details: {"storedDataPreview":"eyJhbGciOiJIUzI1NiIsInR5cCI6Ik"}
[2025-05-30 14:48:31] [System] [WARN] [authDataFormat] - Raw token string found in 'erp-user' localStorage instead of JSON object. Using raw token. | Details: {"storedDataPreview":"eyJhbGciOiJIUzI1NiIsInR5cCI6Ik"}
[2025-05-30 14:48:31] [System] [WARN] [authDataFormat] - Raw token string found in 'erp-user' localStorage instead of JSON object. Using raw token. | Details: {"storedDataPreview":"eyJhbGciOiJIUzI1NiIsInR5cCI6Ik"}
[2025-05-30 14:49:08] [System] [WARN] [authDataFormat] - Raw token string found in 'erp-user' localStorage instead of JSON object. Using raw token. | Details: {"storedDataPreview":"eyJhbGciOiJIUzI1NiIsInR5cCI6Ik"}
[2025-05-30 14:49:08] [System] [WARN] [authDataFormat] - Raw token string found in 'erp-user' localStorage instead of JSON object. Using raw token. | Details: {"storedDataPreview":"eyJhbGciOiJIUzI1NiIsInR5cCI6Ik"}
[2025-05-30 14:49:09] [System] [WARN] [authDataFormat] - Raw token string found in 'erp-user' localStorage instead of JSON object. Using raw token. | Details: {"storedDataPreview":"eyJhbGciOiJIUzI1NiIsInR5cCI6Ik"}
[2025-05-30 14:49:09] [System] [WARN] [authDataFormat] - Raw token string found in 'erp-user' localStorage instead of JSON object. Using raw token. | Details: {"storedDataPreview":"eyJhbGciOiJIUzI1NiIsInR5cCI6Ik"}
[2025-05-30 14:49:13] [System] [WARN] [authDataFormat] - Raw token string found in 'erp-user' localStorage instead of JSON object. Using raw token. | Details: {"storedDataPreview":"eyJhbGciOiJIUzI1NiIsInR5cCI6Ik"}
[2025-05-30 14:49:13] [System] [WARN] [authDataFormat] - Raw token string found in 'erp-user' localStorage instead of JSON object. Using raw token. | Details: {"storedDataPreview":"eyJhbGciOiJIUzI1NiIsInR5cCI6Ik"}
[2025-05-30 15:46:22] [System] [INFO] [server-lifecycle] - Server started and listening on port 3000
[2025-05-30 15:47:12] [System] [WARN] [authDataFormat] - Raw token string found in 'erp-user' localStorage instead of JSON object. Using raw token. | Details: {"storedDataPreview":"eyJhbGciOiJIUzI1NiIsInR5cCI6Ik"}
[2025-05-30 15:47:12] [System] [WARN] [authDataFormat] - Raw token string found in 'erp-user' localStorage instead of JSON object. Using raw token. | Details: {"storedDataPreview":"eyJhbGciOiJIUzI1NiIsInR5cCI6Ik"}
[2025-05-30 15:47:12] [System] [WARN] [authDataFormat] - Raw token string found in 'erp-user' localStorage instead of JSON object. Using raw token. | Details: {"storedDataPreview":"eyJhbGciOiJIUzI1NiIsInR5cCI6Ik"}
[2025-05-30 15:47:13] [System] [WARN] [authDataFormat] - Raw token string found in 'erp-user' localStorage instead of JSON object. Using raw token. | Details: {"storedDataPreview":"eyJhbGciOiJIUzI1NiIsInR5cCI6Ik"}
[2025-05-30 15:47:13] [Raghav Sobti] [WARN] [authDataFormat] - Raw token string found in 'erp-user' localStorage instead of JSON object. Using raw token. | Details: {"storedDataPreview":"eyJhbGciOiJIUzI1NiIsInR5cCI6Ik"}
[2025-05-30 15:47:13] [System] [WARN] [authDataFormat] - Raw token string found in 'erp-user' localStorage instead of JSON object. Using raw token. | Details: {"storedDataPreview":"eyJhbGciOiJIUzI1NiIsInR5cCI6Ik"}
[2025-05-30 15:47:13] [Raghav Sobti] [WARN] [authDataFormat] - Raw token string found in 'erp-user' localStorage instead of JSON object. Using raw token. | Details: {"storedDataPreview":"eyJhbGciOiJIUzI1NiIsInR5cCI6Ik"}
[2025-05-30 15:47:13] [System] [WARN] [authDataFormat] - Raw token string found in 'erp-user' localStorage instead of JSON object. Using raw token. | Details: {"storedDataPreview":"eyJhbGciOiJIUzI1NiIsInR5cCI6Ik"}
[2025-05-30 15:47:13] [System] [WARN] [authDataFormat] - Raw token string found in 'erp-user' localStorage instead of JSON object. Using raw token. | Details: {"storedDataPreview":"eyJhbGciOiJIUzI1NiIsInR5cCI6Ik"}
[2025-05-30 15:47:14] [System] [WARN] [authDataFormat] - Raw token string found in 'erp-user' localStorage instead of JSON object. Using raw token. | Details: {"storedDataPreview":"eyJhbGciOiJIUzI1NiIsInR5cCI6Ik"}
[2025-05-30 15:47:14] [System] [WARN] [authDataFormat] - Raw token string found in 'erp-user' localStorage instead of JSON object. Using raw token. | Details: {"storedDataPreview":"eyJhbGciOiJIUzI1NiIsInR5cCI6Ik"}
[2025-05-30 15:47:14] [System] [WARN] [authDataFormat] - Raw token string found in 'erp-user' localStorage instead of JSON object. Using raw token. | Details: {"storedDataPreview":"eyJhbGciOiJIUzI1NiIsInR5cCI6Ik"}
[2025-05-30 15:47:15] [System] [WARN] [authDataFormat] - Raw token string found in 'erp-user' localStorage instead of JSON object. Using raw token. | Details: {"storedDataPreview":"eyJhbGciOiJIUzI1NiIsInR5cCI6Ik"}
[2025-05-30 15:47:15] [System] [WARN] [authDataFormat] - Raw token string found in 'erp-user' localStorage instead of JSON object. Using raw token. | Details: {"storedDataPreview":"eyJhbGciOiJIUzI1NiIsInR5cCI6Ik"}
[2025-05-30 15:47:15] [System] [WARN] [authDataFormat] - Raw token string found in 'erp-user' localStorage instead of JSON object. Using raw token. | Details: {"storedDataPreview":"eyJhbGciOiJIUzI1NiIsInR5cCI6Ik"}
[2025-05-30 15:47:15] [System] [WARN] [authDataFormat] - Raw token string found in 'erp-user' localStorage instead of JSON object. Using raw token. | Details: {"storedDataPreview":"eyJhbGciOiJIUzI1NiIsInR5cCI6Ik"}
[2025-05-30 15:47:15] [System] [WARN] [authDataFormat] - Raw token string found in 'erp-user' localStorage instead of JSON object. Using raw token. | Details: {"storedDataPreview":"eyJhbGciOiJIUzI1NiIsInR5cCI6Ik"}
[2025-05-30 15:47:17] [System] [WARN] [authDataFormat] - Raw token string found in 'erp-user' localStorage instead of JSON object. Using raw token. | Details: {"storedDataPreview":"eyJhbGciOiJIUzI1NiIsInR5cCI6Ik"}
[2025-05-30 15:47:17] [System] [WARN] [authDataFormat] - Raw token string found in 'erp-user' localStorage instead of JSON object. Using raw token. | Details: {"storedDataPreview":"eyJhbGciOiJIUzI1NiIsInR5cCI6Ik"}
[2025-05-30 15:50:16] [System] [WARN] [authDataFormat] - Raw token string found in 'erp-user' localStorage instead of JSON object. Using raw token. | Details: {"storedDataPreview":"eyJhbGciOiJIUzI1NiIsInR5cCI6Ik"}
[2025-05-30 15:50:16] [System] [WARN] [authDataFormat] - Raw token string found in 'erp-user' localStorage instead of JSON object. Using raw token. | Details: {"storedDataPreview":"eyJhbGciOiJIUzI1NiIsInR5cCI6Ik"}
[2025-05-30 15:51:16] [System] [WARN] [authDataFormat] - Raw token string found in 'erp-user' localStorage instead of JSON object. Using raw token. | Details: {"storedDataPreview":"eyJhbGciOiJIUzI1NiIsInR5cCI6Ik"}
[2025-05-30 15:51:16] [System] [WARN] [authDataFormat] - Raw token string found in 'erp-user' localStorage instead of JSON object. Using raw token. | Details: {"storedDataPreview":"eyJhbGciOiJIUzI1NiIsInR5cCI6Ik"}
[2025-05-30 15:53:32] [System] [WARN] [authDataFormat] - Raw token string found in 'erp-user' localStorage instead of JSON object. Using raw token. | Details: {"storedDataPreview":"eyJhbGciOiJIUzI1NiIsInR5cCI6Ik"}
[2025-05-30 15:53:32] [Raghav Sobti] [WARN] [authDataFormat] - Raw token string found in 'erp-user' localStorage instead of JSON object. Using raw token. | Details: {"storedDataPreview":"eyJhbGciOiJIUzI1NiIsInR5cCI6Ik"}
[2025-05-30 15:53:32] [System] [WARN] [authDataFormat] - Raw token string found in 'erp-user' localStorage instead of JSON object. Using raw token. | Details: {"storedDataPreview":"eyJhbGciOiJIUzI1NiIsInR5cCI6Ik"}
[2025-05-30 15:53:32] [Raghav Sobti] [WARN] [authDataFormat] - Raw token string found in 'erp-user' localStorage instead of JSON object. Using raw token. | Details: {"storedDataPreview":"eyJhbGciOiJIUzI1NiIsInR5cCI6Ik"}
[2025-05-30 15:53:33] [System] [WARN] [authDataFormat] - Raw token string found in 'erp-user' localStorage instead of JSON object. Using raw token. | Details: {"storedDataPreview":"eyJhbGciOiJIUzI1NiIsInR5cCI6Ik"}
[2025-05-30 15:53:33] [System] [WARN] [authDataFormat] - Raw token string found in 'erp-user' localStorage instead of JSON object. Using raw token. | Details: {"storedDataPreview":"eyJhbGciOiJIUzI1NiIsInR5cCI6Ik"}
[2025-05-30 15:53:41] [Raghav Sobti] [ERROR] [ticketActivity] - Failed to check for existing ticket | Error: Request failed with status code 404
  Stack Trace:
  AxiosError: Request failed with status code 404
      at settle (http://localhost:5173/node_modules/.vite/deps/axios.js?v=91971e34:1218:12)
      at XMLHttpRequest.onloadend (http://localhost:5173/node_modules/.vite/deps/axios.js?v=91971e34:1550:7)
      at Axios.request (http://localhost:5173/node_modules/.vite/deps/axios.js?v=91971e34:2108:41)
      at async checkExistingTicket (http://localhost:5173/src/pages/Quotations.jsx?t=1748598968837:1104:24)
      at async handleTicketSubmit (http://localhost:5173/src/pages/Quotations.jsx?t=1748598968837:1134:28) | Details: {"quotationNumber":"Q-250530-005044","responseData":"<!DOCTYPE html>\n<html lang=\"en\">\n<head>\n<meta charset=\"utf-8\">\n<title>Error</title>\n</head>\n<body>\n<pre>Cannot GET /api/tickets/check/Q-250530-005044</pre>\n</body>\n</html>\n","action":"CHECK_EXISTING_TICKET_FAILURE"}
[2025-05-30 15:53:41] [Raghav Sobti] [INFO] [inventory] - Inventory updated for item: Cast Iron PIT COVER 300 X 300 via ticket T-250530-155335. Original Qty: 55, Decremented by: 1, New Qty: 54
[2025-05-30 15:53:41] [Raghav Sobti] [ERROR] [ticketActivity] - Failed to create ticket from quotation | Error: Request failed with status code 500
  Stack Trace:
  AxiosError: Request failed with status code 500
      at settle (http://localhost:5173/node_modules/.vite/deps/axios.js?v=91971e34:1218:12)
      at XMLHttpRequest.onloadend (http://localhost:5173/node_modules/.vite/deps/axios.js?v=91971e34:1550:7)
      at Axios.request (http://localhost:5173/node_modules/.vite/deps/axios.js?v=91971e34:2108:41)
      at async handleTicketSubmit (http://localhost:5173/src/pages/Quotations.jsx?t=1748598968837:1180:24) | Details: {"quotationNumber":"Q-250530-005044","responseData":{"error":"Failed to create ticket","details":"E11000 duplicate key error collection: testdb.tickets index: quotationNumber_1 dup key: { quotationNumber: \"Q-250530-005044\" }"},"ticketDataSubmitted":{"ticketNumber":"T-250530-155335","companyName":"ticket routing","quotationNumber":"Q-250530-005044","billingAddress":["d","d","Maharashtra","Thane","400615"],"shippingAddress":["d","d","Maharashtra","Thane","400615"],"goods":[{"srNo":1,"description":"Cast Iron PIT COVER 300 X 300","hsnSacCode":"73259999","quantity":1,"unit":"Nos","price":500,"amount":500}],"totalQuantity":1,"totalAmount":500,"gstAmount":90,"grandTotal":590,"status":"Quotation Sent","gstRate":18,"isSameState":false,"createdBy":"6834acdec85453f28687257b","currentAssignee":"6834acdec85453f28687257b","statusHistory":[{"status":"Quotation Sent","changedAt":"2025-05-30T10:23:41.400Z","changedBy":"6834acdec85453f28687257b"}],"documents":{"quotation":null,"po":null,"pi":null,"challan":null,"packingList":null,"feedback":null,"other":[]}},"action":"CREATE_TICKET_FROM_QUOTATION_FAILURE"}
[2025-05-30 15:53:48] [System] [WARN] [authDataFormat] - Raw token string found in 'erp-user' localStorage instead of JSON object. Using raw token. | Details: {"storedDataPreview":"eyJhbGciOiJIUzI1NiIsInR5cCI6Ik"}
[2025-05-30 15:53:48] [System] [WARN] [authDataFormat] - Raw token string found in 'erp-user' localStorage instead of JSON object. Using raw token. | Details: {"storedDataPreview":"eyJhbGciOiJIUzI1NiIsInR5cCI6Ik"}
[2025-05-30 15:53:48] [System] [WARN] [authDataFormat] - Raw token string found in 'erp-user' localStorage instead of JSON object. Using raw token. | Details: {"storedDataPreview":"eyJhbGciOiJIUzI1NiIsInR5cCI6Ik"}
[2025-05-30 15:53:53] [System] [WARN] [authDataFormat] - Raw token string found in 'erp-user' localStorage instead of JSON object. Using raw token. | Details: {"storedDataPreview":"eyJhbGciOiJIUzI1NiIsInR5cCI6Ik"}
[2025-05-30 15:53:53] [System] [WARN] [authDataFormat] - Raw token string found in 'erp-user' localStorage instead of JSON object. Using raw token. | Details: {"storedDataPreview":"eyJhbGciOiJIUzI1NiIsInR5cCI6Ik"}
[2025-05-30 15:53:53] [System] [WARN] [authDataFormat] - Raw token string found in 'erp-user' localStorage instead of JSON object. Using raw token. | Details: {"storedDataPreview":"eyJhbGciOiJIUzI1NiIsInR5cCI6Ik"}
[2025-05-30 15:53:55] [System] [WARN] [authDataFormat] - Raw token string found in 'erp-user' localStorage instead of JSON object. Using raw token. | Details: {"storedDataPreview":"eyJhbGciOiJIUzI1NiIsInR5cCI6Ik"}
[2025-05-30 15:53:55] [Raghav Sobti] [WARN] [authDataFormat] - Raw token string found in 'erp-user' localStorage instead of JSON object. Using raw token. | Details: {"storedDataPreview":"eyJhbGciOiJIUzI1NiIsInR5cCI6Ik"}
[2025-05-30 15:53:55] [System] [WARN] [authDataFormat] - Raw token string found in 'erp-user' localStorage instead of JSON object. Using raw token. | Details: {"storedDataPreview":"eyJhbGciOiJIUzI1NiIsInR5cCI6Ik"}
[2025-05-30 15:53:55] [Raghav Sobti] [WARN] [authDataFormat] - Raw token string found in 'erp-user' localStorage instead of JSON object. Using raw token. | Details: {"storedDataPreview":"eyJhbGciOiJIUzI1NiIsInR5cCI6Ik"}
[2025-05-30 15:53:56] [System] [WARN] [authDataFormat] - Raw token string found in 'erp-user' localStorage instead of JSON object. Using raw token. | Details: {"storedDataPreview":"eyJhbGciOiJIUzI1NiIsInR5cCI6Ik"}
[2025-05-30 15:53:56] [System] [WARN] [authDataFormat] - Raw token string found in 'erp-user' localStorage instead of JSON object. Using raw token. | Details: {"storedDataPreview":"eyJhbGciOiJIUzI1NiIsInR5cCI6Ik"}
[2025-05-30 15:54:49] [Raghav Sobti] [INFO] [clientActivity] - New client saved successfully | Details: {"clientId":"68398771bdfb540514e46f1a","clientName":"final test","action":"SAVE_NEW_CLIENT_SUCCESS"}
[2025-05-30 15:54:56] [Raghav Sobti] [INFO] [quotation] - Quotation created successfully | Details: {"userId":"6834acdec85453f28687257b","operation":"create","quotationId":"68398778bdfb540514e46f20","referenceNumber":"Q-250530-155436","clientId":"68398771bdfb540514e46f1a"}
[2025-05-30 15:54:56] [Raghav Sobti] [INFO] [quotationActivity] - Quotation Q-250530-155436 created | Details: {"quotationId":"68398778bdfb540514e46f20","referenceNumber":"Q-250530-155436","action":"CREATE_QUOTATION_SUCCESS"}
[2025-05-30 15:55:11] [Raghav Sobti] [ERROR] [ticketActivity] - Failed to check for existing ticket | Error: Request failed with status code 404
  Stack Trace:
  AxiosError: Request failed with status code 404
      at settle (http://localhost:5173/node_modules/.vite/deps/axios.js?v=91971e34:1218:12)
      at XMLHttpRequest.onloadend (http://localhost:5173/node_modules/.vite/deps/axios.js?v=91971e34:1550:7)
      at Axios.request (http://localhost:5173/node_modules/.vite/deps/axios.js?v=91971e34:2108:41)
      at async checkExistingTicket (http://localhost:5173/src/pages/Quotations.jsx?t=1748598968837:1104:24)
      at async handleTicketSubmit (http://localhost:5173/src/pages/Quotations.jsx?t=1748598968837:1134:28) | Details: {"quotationNumber":"Q-250530-155436","responseData":"<!DOCTYPE html>\n<html lang=\"en\">\n<head>\n<meta charset=\"utf-8\">\n<title>Error</title>\n</head>\n<body>\n<pre>Cannot GET /api/tickets/check/Q-250530-155436</pre>\n</body>\n</html>\n","action":"CHECK_EXISTING_TICKET_FAILURE"}
[2025-05-30 15:55:11] [Raghav Sobti] [WARN] [inventory] - Item testing add item stock is now negative: -137.
[2025-05-30 15:55:11] [Raghav Sobti] [INFO] [inventory] - Inventory updated for item: testing add item via ticket T-250530-155504. Original Qty: -37, Decremented by: 100, New Qty: -137
[2025-05-30 15:55:11] [Raghav Sobti] [INFO] [ticketActivity] - Ticket T-250530-155504 created successfully from quotation Q-250530-155436 | Details: {"action":"TICKET_CREATED_FROM_QUOTATION_SUCCESS","ticketNumber":"T-250530-155504","quotationNumber":"Q-250530-155436"}
[2025-05-30 15:55:11] [System] [WARN] [authDataFormat] - Raw token string found in 'erp-user' localStorage instead of JSON object. Using raw token. | Details: {"storedDataPreview":"eyJhbGciOiJIUzI1NiIsInR5cCI6Ik"}
[2025-05-30 15:55:11] [Raghav Sobti] [WARN] [authDataFormat] - Raw token string found in 'erp-user' localStorage instead of JSON object. Using raw token. | Details: {"storedDataPreview":"eyJhbGciOiJIUzI1NiIsInR5cCI6Ik"}
[2025-05-30 15:55:11] [System] [WARN] [authDataFormat] - Raw token string found in 'erp-user' localStorage instead of JSON object. Using raw token. | Details: {"storedDataPreview":"eyJhbGciOiJIUzI1NiIsInR5cCI6Ik"}
[2025-05-30 15:55:11] [Raghav Sobti] [WARN] [authDataFormat] - Raw token string found in 'erp-user' localStorage instead of JSON object. Using raw token. | Details: {"storedDataPreview":"eyJhbGciOiJIUzI1NiIsInR5cCI6Ik"}
[2025-05-30 15:55:21] [Raghav Sobti] [WARN] [authDataFormat] - Raw token string found in 'erp-user' localStorage instead of JSON object. Using raw token. | Details: {"storedDataPreview":"eyJhbGciOiJIUzI1NiIsInR5cCI6Ik"}
[2025-05-30 15:55:21] [Raghav Sobti] [WARN] [authDataFormat] - Raw token string found in 'erp-user' localStorage instead of JSON object. Using raw token. | Details: {"storedDataPreview":"eyJhbGciOiJIUzI1NiIsInR5cCI6Ik"}
[2025-05-30 15:55:21] [Raghav Sobti] [INFO] [ticketActivity] - Ticket T-250530-155504 updated successfully! | Details: {"ticketId":"68398787bdfb540514e46f2e","ticketNumber":"T-250530-155504","action":"UPDATE_TICKET_SUCCESS"}
[2025-05-30 15:55:29] [System] [WARN] [authDataFormat] - Raw token string found in 'erp-user' localStorage instead of JSON object. Using raw token. | Details: {"storedDataPreview":"eyJhbGciOiJIUzI1NiIsInR5cCI6Ik"}
[2025-05-30 15:55:29] [System] [WARN] [authDataFormat] - Raw token string found in 'erp-user' localStorage instead of JSON object. Using raw token. | Details: {"storedDataPreview":"eyJhbGciOiJIUzI1NiIsInR5cCI6Ik"}
[2025-05-30 15:55:31] [System] [WARN] [authDataFormat] - Raw token string found in 'erp-user' localStorage instead of JSON object. Using raw token. | Details: {"storedDataPreview":"eyJhbGciOiJIUzI1NiIsInR5cCI6Ik"}
[2025-05-30 15:55:31] [System] [WARN] [authDataFormat] - Raw token string found in 'erp-user' localStorage instead of JSON object. Using raw token. | Details: {"storedDataPreview":"eyJhbGciOiJIUzI1NiIsInR5cCI6Ik"}
[2025-05-30 15:55:50] [System] [WARN] [authDataFormat] - Raw token string found in 'erp-user' localStorage instead of JSON object. Using raw token. | Details: {"storedDataPreview":"eyJhbGciOiJIUzI1NiIsInR5cCI6Ik"}
[2025-05-30 15:55:50] [Raghav Sobti] [WARN] [authDataFormat] - Raw token string found in 'erp-user' localStorage instead of JSON object. Using raw token. | Details: {"storedDataPreview":"eyJhbGciOiJIUzI1NiIsInR5cCI6Ik"}
[2025-05-30 15:55:50] [System] [WARN] [authDataFormat] - Raw token string found in 'erp-user' localStorage instead of JSON object. Using raw token. | Details: {"storedDataPreview":"eyJhbGciOiJIUzI1NiIsInR5cCI6Ik"}
[2025-05-30 15:55:50] [Raghav Sobti] [WARN] [authDataFormat] - Raw token string found in 'erp-user' localStorage instead of JSON object. Using raw token. | Details: {"storedDataPreview":"eyJhbGciOiJIUzI1NiIsInR5cCI6Ik"}
[2025-05-30 15:55:52] [System] [WARN] [authDataFormat] - Raw token string found in 'erp-user' localStorage instead of JSON object. Using raw token. | Details: {"storedDataPreview":"eyJhbGciOiJIUzI1NiIsInR5cCI6Ik"}
[2025-05-30 15:55:52] [System] [WARN] [authDataFormat] - Raw token string found in 'erp-user' localStorage instead of JSON object. Using raw token. | Details: {"storedDataPreview":"eyJhbGciOiJIUzI1NiIsInR5cCI6Ik"}
[2025-05-30 15:55:56] [System] [WARN] [authDataFormat] - Raw token string found in 'erp-user' localStorage instead of JSON object. Using raw token. | Details: {"storedDataPreview":"eyJhbGciOiJIUzI1NiIsInR5cCI6Ik"}
[2025-05-30 15:55:56] [System] [WARN] [authDataFormat] - Raw token string found in 'erp-user' localStorage instead of JSON object. Using raw token. | Details: {"storedDataPreview":"eyJhbGciOiJIUzI1NiIsInR5cCI6Ik"}
[2025-05-30 15:55:56] [System] [WARN] [authDataFormat] - Raw token string found in 'erp-user' localStorage instead of JSON object. Using raw token. | Details: {"storedDataPreview":"eyJhbGciOiJIUzI1NiIsInR5cCI6Ik"}
[2025-05-30 15:55:56] [System] [WARN] [authDataFormat] - Raw token string found in 'erp-user' localStorage instead of JSON object. Using raw token. | Details: {"storedDataPreview":"eyJhbGciOiJIUzI1NiIsInR5cCI6Ik"}
[2025-05-30 15:55:57] [System] [WARN] [authDataFormat] - Raw token string found in 'erp-user' localStorage instead of JSON object. Using raw token. | Details: {"storedDataPreview":"eyJhbGciOiJIUzI1NiIsInR5cCI6Ik"}
[2025-05-30 15:56:03] [System] [WARN] [authDataFormat] - Raw token string found in 'erp-user' localStorage instead of JSON object. Using raw token. | Details: {"storedDataPreview":"eyJhbGciOiJIUzI1NiIsInR5cCI6Ik"}
[2025-05-30 15:56:03] [System] [WARN] [authDataFormat] - Raw token string found in 'erp-user' localStorage instead of JSON object. Using raw token. | Details: {"storedDataPreview":"eyJhbGciOiJIUzI1NiIsInR5cCI6Ik"}
[2025-05-30 15:56:13] [System] [WARN] [authDataFormat] - Raw token string found in 'erp-user' localStorage instead of JSON object. Using raw token. | Details: {"storedDataPreview":"eyJhbGciOiJIUzI1NiIsInR5cCI6Ik"}
[2025-05-30 15:56:14] [System] [WARN] [authDataFormat] - Raw token string found in 'erp-user' localStorage instead of JSON object. Using raw token. | Details: {"storedDataPreview":"eyJhbGciOiJIUzI1NiIsInR5cCI6Ik"}
[2025-05-30 16:01:14] [System] [WARN] [authDataFormat] - Raw token string found in 'erp-user' localStorage instead of JSON object. Using raw token. | Details: {"storedDataPreview":"eyJhbGciOiJIUzI1NiIsInR5cCI6Ik"}
[2025-05-30 16:06:14] [System] [WARN] [authDataFormat] - Raw token string found in 'erp-user' localStorage instead of JSON object. Using raw token. | Details: {"storedDataPreview":"eyJhbGciOiJIUzI1NiIsInR5cCI6Ik"}
[2025-05-30 16:06:28] [System] [WARN] [authDataFormat] - Raw token string found in 'erp-user' localStorage instead of JSON object. Using raw token. | Details: {"storedDataPreview":"eyJhbGciOiJIUzI1NiIsInR5cCI6Ik"}
[2025-05-30 16:06:28] [System] [WARN] [authDataFormat] - Raw token string found in 'erp-user' localStorage instead of JSON object. Using raw token. | Details: {"storedDataPreview":"eyJhbGciOiJIUzI1NiIsInR5cCI6Ik"}
[2025-05-30 16:10:17] [System] [WARN] [authDataFormat] - Raw token string found in 'erp-user' localStorage instead of JSON object. Using raw token. | Details: {"storedDataPreview":"eyJhbGciOiJIUzI1NiIsInR5cCI6Ik"}
[2025-05-30 16:10:18] [System] [WARN] [authDataFormat] - Raw token string found in 'erp-user' localStorage instead of JSON object. Using raw token. | Details: {"storedDataPreview":"eyJhbGciOiJIUzI1NiIsInR5cCI6Ik"}
[2025-05-30 16:10:18] [System] [WARN] [authDataFormat] - Raw token string found in 'erp-user' localStorage instead of JSON object. Using raw token. | Details: {"storedDataPreview":"eyJhbGciOiJIUzI1NiIsInR5cCI6Ik"}
[2025-05-30 16:10:18] [System] [WARN] [authDataFormat] - Raw token string found in 'erp-user' localStorage instead of JSON object. Using raw token. | Details: {"storedDataPreview":"eyJhbGciOiJIUzI1NiIsInR5cCI6Ik"}
[2025-05-30 16:13:02] [System] [WARN] [authDataFormat] - Raw token string found in 'erp-user' localStorage instead of JSON object. Using raw token. | Details: {"storedDataPreview":"eyJhbGciOiJIUzI1NiIsInR5cCI6Ik"}
[2025-05-30 16:13:02] [System] [WARN] [authDataFormat] - Raw token string found in 'erp-user' localStorage instead of JSON object. Using raw token. | Details: {"storedDataPreview":"eyJhbGciOiJIUzI1NiIsInR5cCI6Ik"}
[2025-05-30 16:13:04] [System] [WARN] [authDataFormat] - Raw token string found in 'erp-user' localStorage instead of JSON object. Using raw token. | Details: {"storedDataPreview":"eyJhbGciOiJIUzI1NiIsInR5cCI6Ik"}
[2025-05-30 16:13:04] [Raghav Sobti] [WARN] [authDataFormat] - Raw token string found in 'erp-user' localStorage instead of JSON object. Using raw token. | Details: {"storedDataPreview":"eyJhbGciOiJIUzI1NiIsInR5cCI6Ik"}
[2025-05-30 16:13:04] [System] [WARN] [authDataFormat] - Raw token string found in 'erp-user' localStorage instead of JSON object. Using raw token. | Details: {"storedDataPreview":"eyJhbGciOiJIUzI1NiIsInR5cCI6Ik"}
[2025-05-30 16:13:04] [Raghav Sobti] [WARN] [authDataFormat] - Raw token string found in 'erp-user' localStorage instead of JSON object. Using raw token. | Details: {"storedDataPreview":"eyJhbGciOiJIUzI1NiIsInR5cCI6Ik"}
[2025-05-30 16:13:07] [System] [WARN] [authDataFormat] - Raw token string found in 'erp-user' localStorage instead of JSON object. Using raw token. | Details: {"storedDataPreview":"eyJhbGciOiJIUzI1NiIsInR5cCI6Ik"}
[2025-05-30 16:13:07] [System] [WARN] [authDataFormat] - Raw token string found in 'erp-user' localStorage instead of JSON object. Using raw token. | Details: {"storedDataPreview":"eyJhbGciOiJIUzI1NiIsInR5cCI6Ik"}
[2025-05-30 16:13:55] [System] [WARN] [authDataFormat] - Raw token string found in 'erp-user' localStorage instead of JSON object. Using raw token. | Details: {"storedDataPreview":"eyJhbGciOiJIUzI1NiIsInR5cCI6Ik"}
[2025-05-30 16:13:55] [System] [WARN] [authDataFormat] - Raw token string found in 'erp-user' localStorage instead of JSON object. Using raw token. | Details: {"storedDataPreview":"eyJhbGciOiJIUzI1NiIsInR5cCI6Ik"}
[2025-05-30 16:13:57] [System] [WARN] [authDataFormat] - Raw token string found in 'erp-user' localStorage instead of JSON object. Using raw token. | Details: {"storedDataPreview":"eyJhbGciOiJIUzI1NiIsInR5cCI6Ik"}
[2025-05-30 16:13:57] [System] [WARN] [authDataFormat] - Raw token string found in 'erp-user' localStorage instead of JSON object. Using raw token. | Details: {"storedDataPreview":"eyJhbGciOiJIUzI1NiIsInR5cCI6Ik"}
[2025-05-30 16:13:57] [System] [WARN] [authDataFormat] - Raw token string found in 'erp-user' localStorage instead of JSON object. Using raw token. | Details: {"storedDataPreview":"eyJhbGciOiJIUzI1NiIsInR5cCI6Ik"}
[2025-05-30 16:13:57] [System] [WARN] [authDataFormat] - Raw token string found in 'erp-user' localStorage instead of JSON object. Using raw token. | Details: {"storedDataPreview":"eyJhbGciOiJIUzI1NiIsInR5cCI6Ik"}
[2025-05-30 16:13:59] [System] [WARN] [authDataFormat] - Raw token string found in 'erp-user' localStorage instead of JSON object. Using raw token. | Details: {"storedDataPreview":"eyJhbGciOiJIUzI1NiIsInR5cCI6Ik"}
[2025-05-30 16:15:17] [System] [WARN] [authDataFormat] - Raw token string found in 'erp-user' localStorage instead of JSON object. Using raw token. | Details: {"storedDataPreview":"eyJhbGciOiJIUzI1NiIsInR5cCI6Ik"}
[2025-05-30 16:15:17] [System] [WARN] [authDataFormat] - Raw token string found in 'erp-user' localStorage instead of JSON object. Using raw token. | Details: {"storedDataPreview":"eyJhbGciOiJIUzI1NiIsInR5cCI6Ik"}
[2025-05-30 16:15:40] [System] [WARN] [authDataFormat] - Raw token string found in 'erp-user' localStorage instead of JSON object. Using raw token. | Details: {"storedDataPreview":"eyJhbGciOiJIUzI1NiIsInR5cCI6Ik"}
[2025-05-30 16:15:40] [System] [WARN] [authDataFormat] - Raw token string found in 'erp-user' localStorage instead of JSON object. Using raw token. | Details: {"storedDataPreview":"eyJhbGciOiJIUzI1NiIsInR5cCI6Ik"}
[2025-05-30 16:15:43] [System] [WARN] [authDataFormat] - Raw token string found in 'erp-user' localStorage instead of JSON object. Using raw token. | Details: {"storedDataPreview":"eyJhbGciOiJIUzI1NiIsInR5cCI6Ik"}
[2025-05-30 16:15:43] [System] [WARN] [authDataFormat] - Raw token string found in 'erp-user' localStorage instead of JSON object. Using raw token. | Details: {"storedDataPreview":"eyJhbGciOiJIUzI1NiIsInR5cCI6Ik"}
[2025-05-30 16:15:47] [System] [WARN] [authDataFormat] - Raw token string found in 'erp-user' localStorage instead of JSON object. Using raw token. | Details: {"storedDataPreview":"eyJhbGciOiJIUzI1NiIsInR5cCI6Ik"}
[2025-05-30 16:15:47] [System] [WARN] [authDataFormat] - Raw token string found in 'erp-user' localStorage instead of JSON object. Using raw token. | Details: {"storedDataPreview":"eyJhbGciOiJIUzI1NiIsInR5cCI6Ik"}
[2025-05-30 16:16:17] [System] [WARN] [authDataFormat] - Raw token string found in 'erp-user' localStorage instead of JSON object. Using raw token. | Details: {"storedDataPreview":"eyJhbGciOiJIUzI1NiIsInR5cCI6Ik"}
[2025-05-30 16:16:17] [System] [WARN] [authDataFormat] - Raw token string found in 'erp-user' localStorage instead of JSON object. Using raw token. | Details: {"storedDataPreview":"eyJhbGciOiJIUzI1NiIsInR5cCI6Ik"}
[2025-05-30 16:16:19] [System] [WARN] [authDataFormat] - Raw token string found in 'erp-user' localStorage instead of JSON object. Using raw token. | Details: {"storedDataPreview":"eyJhbGciOiJIUzI1NiIsInR5cCI6Ik"}
[2025-05-30 16:16:19] [System] [WARN] [authDataFormat] - Raw token string found in 'erp-user' localStorage instead of JSON object. Using raw token. | Details: {"storedDataPreview":"eyJhbGciOiJIUzI1NiIsInR5cCI6Ik"}
[2025-05-30 16:16:19] [System] [WARN] [authDataFormat] - Raw token string found in 'erp-user' localStorage instead of JSON object. Using raw token. | Details: {"storedDataPreview":"eyJhbGciOiJIUzI1NiIsInR5cCI6Ik"}
[2025-05-30 16:16:19] [System] [WARN] [authDataFormat] - Raw token string found in 'erp-user' localStorage instead of JSON object. Using raw token. | Details: {"storedDataPreview":"eyJhbGciOiJIUzI1NiIsInR5cCI6Ik"}
[2025-05-30 16:16:21] [System] [WARN] [authDataFormat] - Raw token string found in 'erp-user' localStorage instead of JSON object. Using raw token. | Details: {"storedDataPreview":"eyJhbGciOiJIUzI1NiIsInR5cCI6Ik"}
[2025-05-30 16:16:21] [Raghav Sobti] [WARN] [authDataFormat] - Raw token string found in 'erp-user' localStorage instead of JSON object. Using raw token. | Details: {"storedDataPreview":"eyJhbGciOiJIUzI1NiIsInR5cCI6Ik"}
[2025-05-30 16:16:22] [System] [WARN] [authDataFormat] - Raw token string found in 'erp-user' localStorage instead of JSON object. Using raw token. | Details: {"storedDataPreview":"eyJhbGciOiJIUzI1NiIsInR5cCI6Ik"}
[2025-05-30 16:16:22] [Raghav Sobti] [WARN] [authDataFormat] - Raw token string found in 'erp-user' localStorage instead of JSON object. Using raw token. | Details: {"storedDataPreview":"eyJhbGciOiJIUzI1NiIsInR5cCI6Ik"}
[2025-05-30 16:16:25] [System] [WARN] [authDataFormat] - Raw token string found in 'erp-user' localStorage instead of JSON object. Using raw token. | Details: {"storedDataPreview":"eyJhbGciOiJIUzI1NiIsInR5cCI6Ik"}
[2025-05-30 16:16:25] [System] [WARN] [authDataFormat] - Raw token string found in 'erp-user' localStorage instead of JSON object. Using raw token. | Details: {"storedDataPreview":"eyJhbGciOiJIUzI1NiIsInR5cCI6Ik"}
[2025-05-30 16:16:42] [System] [WARN] [authDataFormat] - Raw token string found in 'erp-user' localStorage instead of JSON object. Using raw token. | Details: {"storedDataPreview":"eyJhbGciOiJIUzI1NiIsInR5cCI6Ik"}
[2025-05-30 16:16:42] [Raghav Sobti] [WARN] [authDataFormat] - Raw token string found in 'erp-user' localStorage instead of JSON object. Using raw token. | Details: {"storedDataPreview":"eyJhbGciOiJIUzI1NiIsInR5cCI6Ik"}
[2025-05-30 16:16:42] [System] [WARN] [authDataFormat] - Raw token string found in 'erp-user' localStorage instead of JSON object. Using raw token. | Details: {"storedDataPreview":"eyJhbGciOiJIUzI1NiIsInR5cCI6Ik"}
[2025-05-30 16:16:42] [Raghav Sobti] [WARN] [authDataFormat] - Raw token string found in 'erp-user' localStorage instead of JSON object. Using raw token. | Details: {"storedDataPreview":"eyJhbGciOiJIUzI1NiIsInR5cCI6Ik"}
[2025-05-30 16:16:46] [System] [WARN] [authDataFormat] - Raw token string found in 'erp-user' localStorage instead of JSON object. Using raw token. | Details: {"storedDataPreview":"eyJhbGciOiJIUzI1NiIsInR5cCI6Ik"}
[2025-05-30 16:16:46] [System] [WARN] [authDataFormat] - Raw token string found in 'erp-user' localStorage instead of JSON object. Using raw token. | Details: {"storedDataPreview":"eyJhbGciOiJIUzI1NiIsInR5cCI6Ik"}
[2025-05-30 16:17:03] [System] [WARN] [authDataFormat] - Raw token string found in 'erp-user' localStorage instead of JSON object. Using raw token. | Details: {"storedDataPreview":"eyJhbGciOiJIUzI1NiIsInR5cCI6Ik"}
[2025-05-30 16:17:03] [Raghav Sobti] [WARN] [authDataFormat] - Raw token string found in 'erp-user' localStorage instead of JSON object. Using raw token. | Details: {"storedDataPreview":"eyJhbGciOiJIUzI1NiIsInR5cCI6Ik"}
[2025-05-30 16:17:03] [System] [WARN] [authDataFormat] - Raw token string found in 'erp-user' localStorage instead of JSON object. Using raw token. | Details: {"storedDataPreview":"eyJhbGciOiJIUzI1NiIsInR5cCI6Ik"}
[2025-05-30 16:17:03] [Raghav Sobti] [WARN] [authDataFormat] - Raw token string found in 'erp-user' localStorage instead of JSON object. Using raw token. | Details: {"storedDataPreview":"eyJhbGciOiJIUzI1NiIsInR5cCI6Ik"}
