[2025-05-28 16:17:20] [Raghav Sobti] [INFO] [userActivity] - User logged out | Details: {"event":"USER_LOGOUT","userId":"6834acdec85453f28687257b","userEmail":"test@gmail.com"}
[2025-05-28 16:17:26] [Raghav Sobti] [INFO] [userActivity] - User logged in successfully | Details: {"event":"USER_LOGIN","userId":"6834acdec85453f28687257b","userEmail":"test@gmail.com"}
[2025-05-28 16:17:26] [Raghav Sobti] [INFO] [userActivity] - User logged in | Details: {"event":"USER_LOGIN","userId":"6834acdec85453f28687257b","userEmail":"test@gmail.com"}
[2025-05-28 16:19:00] [UnknownUser] [INFO] [userActivity] - User logged out | Details: {"event":"USER_LOGOUT","userId":"6834acdec85453f28687257b","userEmail":"test@gmail.com"}
[2025-05-28 16:19:34] [Raghav Sobti] [INFO] [userActivity] - User logged in successfully | Details: {"event":"USER_LOGIN","userId":"6834acdec85453f28687257b","userEmail":"test@gmail.com"}
[2025-05-28 16:19:34] [Raghav Sobti] [INFO] [userActivity] - User logged in | Details: {"event":"USER_LOGIN","userId":"6834acdec85453f28687257b","userEmail":"test@gmail.com"}
[2025-05-28 16:22:41] [Raghav Sobti] [INFO] [userActivity] - User logged out | Details: {"event":"USER_LOGOUT","userId":"6834acdec85453f28687257b","userEmail":"test@gmail.com"}
[2025-05-28 16:22:45] [Raghav Sobti] [INFO] [userActivity] - User logged in successfully | Details: {"event":"USER_LOGIN","userId":"6834acdec85453f28687257b","userEmail":"test@gmail.com"}
[2025-05-28 16:22:45] [Raghav Sobti] [INFO] [userActivity] - User logged in | Details: {"event":"USER_LOGIN","userId":"6834acdec85453f28687257b","userEmail":"test@gmail.com"}
[2025-05-28 16:25:39] [Raghav Sobti] [INFO] [userActivity] - User logged out | Details: {"event":"USER_LOGOUT","userId":"6834acdec85453f28687257b","userEmail":"test@gmail.com"}
[2025-05-28 16:25:44] [Raghav Sobti] [INFO] [userActivity] - User logged in | Details: {"event":"USER_LOGIN","userId":"6834acdec85453f28687257b","userEmail":"test@gmail.com"}
[2025-05-28 16:27:31] [Raghav Sobti] [INFO] [quotation] - Quotation created successfully | Details: {"userId":"6834acdec85453f28687257b","operation":"create","quotationId":"6836ec1b2a732aeb58ad5050","referenceNumber":"Q-250528-162706","clientId":"6836ec122a732aeb58ad504a"}
[2025-05-28 16:32:33] [Raghav Sobti] [INFO] [delete] - [DELETE_INITIATED] Ticket ID: 6836ec662a732aeb58ad505d by User: test@gmail.com. | Details: {"userId":"6834acdec85453f28687257b","ticketId":"6836ec662a732aeb58ad505d","model":"Ticket","userEmail":"test@gmail.com"}
[2025-05-28 16:32:33] [Raghav Sobti] [INFO] [delete] - [BACKUP_SUCCESS] Ticket successfully backed up. Backup ID: 6836ec662a732aeb58ad505d. | Details: {"userId":"6834acdec85453f28687257b","ticketId":"6836ec662a732aeb58ad505d","model":"Ticket","userEmail":"test@gmail.com","originalId":"6836ec662a732aeb58ad505d","backupId":"6836ec662a732aeb58ad505d","backupModel":"TicketBackup"}
[2025-05-28 16:32:33] [Raghav Sobti] [INFO] [delete] - [ORIGINAL_DELETE_SUCCESS] Original Ticket successfully deleted. | Details: {"userId":"6834acdec85453f28687257b","ticketId":"6836ec662a732aeb58ad505d","model":"Ticket","userEmail":"test@gmail.com","originalId":"6836ec662a732aeb58ad505d"}
[2025-05-28 16:32:34] [Raghav Sobti] [INFO] [delete] - [USER_TICKET_REF_REMOVE_SUCCESS] Removed ticket reference 6836ec662a732aeb58ad505d from User ID: 6834acdec85453f28687257b. | Details: {"userId":"6834acdec85453f28687257b","ticketId":"6836ec662a732aeb58ad505d","model":"Ticket","userEmail":"test@gmail.com","targetUserId":"6834acdec85453f28687257b"}
[2025-05-28 16:59:16] [System] [INFO] [quotations] - Quotations page loaded
[2025-05-28 16:59:16] [System] [INFO] [quotations] - Quotations page loaded
[2025-05-28 17:03:54] [System] [INFO] [server-lifecycle] - Server started and listening on port 3000
[2025-05-28 17:05:07] [System] [ERROR] [unhandled-rejection] - submissionData is not defined
  Stack Trace:
  ReferenceError: submissionData is not defined
      at handleSubmit (http://localhost:5173/src/pages/Quotations.jsx:1010:26)
      at executeDispatch (http://localhost:5173/node_modules/.vite/deps/react-dom_client.js?v=bd84a863:11736:11)
      at runWithFiberInDEV (http://localhost:5173/node_modules/.vite/deps/react-dom_client.js?v=bd84a863:1485:72)
      at processDispatchQueue (http://localhost:5173/node_modules/.vite/deps/react-dom_client.js?v=bd84a863:11772:37)
      at http://localhost:5173/node_modules/.vite/deps/react-dom_client.js?v=bd84a863:12182:11
      at batchedUpdates$1 (http://localhost:5173/node_modules/.vite/deps/react-dom_client.js?v=bd84a863:2628:42)
      at dispatchEventForPluginEventSystem (http://localhost:5173/node_modules/.vite/deps/react-dom_client.js?v=bd84a863:11877:9)
      at dispatchEvent (http://localhost:5173/node_modules/.vite/deps/react-dom_client.js?v=bd84a863:14792:13)
      at dispatchDiscreteEvent (http://localhost:5173/node_modules/.vite/deps/react-dom_client.js?v=bd84a863:14773:62) | Details: {"rejectionDetails":{}}
[2025-05-28 17:10:59] [System] [INFO] [quotations] - Quotations page loaded
[2025-05-28 17:10:59] [System] [INFO] [quotations] - Quotations page loaded
[2025-05-28 17:11:01] [System] [INFO] [quotations] - Quotations page loaded
[2025-05-28 17:11:01] [System] [INFO] [quotations] - Quotations page loaded
[2025-05-28 17:11:02] [System] [INFO] [quotations] - Quotations page loaded
[2025-05-28 17:11:02] [System] [INFO] [quotations] - Quotations page loaded
[2025-05-28 17:11:02] [System] [INFO] [quotations] - Quotations page loaded
[2025-05-28 17:11:02] [System] [INFO] [quotations] - Quotations page loaded
[2025-05-28 17:11:08] [Raghav Sobti] [INFO] [userActivity] - User logged in | Details: {"event":"USER_LOGIN","userId":"6834acdec85453f28687257b","userEmail":"test@gmail.com"}
[2025-05-28 17:11:08] [System] [INFO] [quotations] - Quotations page loaded
[2025-05-28 17:11:08] [System] [INFO] [quotations] - Quotations page loaded
[2025-05-28 17:11:19] [Raghav Sobti] [INFO] [quotation] - Quotation updated successfully | Details: {"userId":"6834acdec85453f28687257b","operation":"update","quotationId":"6836da39dfbdd9c58cbdbade","referenceNumber":"Q-250528-151040","clientId":"68359310a835a365dacce647"}
[2025-05-28 17:11:19] [Raghav Sobti] [INFO] [quotationActivity] - Quotation Q-250528-151040 updated | Details: {"quotationId":"6836da39dfbdd9c58cbdbade","referenceNumber":"Q-250528-151040","action":"UPDATE_QUOTATION_SUCCESS"}
[2025-05-28 17:11:29] [Raghav Sobti] [INFO] [quotation] - Quotation updated successfully | Details: {"userId":"6834acdec85453f28687257b","operation":"update","quotationId":"6835e335e76682ffe17cfd57","referenceNumber":"Q-250527-213654","clientId":"68355a3b2d6ca8d07c3c10bb"}
[2025-05-28 17:11:30] [Raghav Sobti] [INFO] [quotationActivity] - Quotation Q-250527-213654 updated | Details: {"quotationId":"6835e335e76682ffe17cfd57","referenceNumber":"Q-250527-213654","action":"UPDATE_QUOTATION_SUCCESS"}
[2025-05-28 17:28:29] [System] [INFO] [server-lifecycle] - Server started and listening on port 3000
[2025-05-28 17:28:57] [Raghav Sobti] [INFO] [clientActivity] - New client saved successfully | Details: {"clientId":"6836fa81e821fe2f8c68b867","clientName":"testing new client structure","action":"SAVE_NEW_CLIENT_SUCCESS"}
[2025-05-28 17:29:02] [Raghav Sobti] [INFO] [quotation] - Quotation updated successfully | Details: {"userId":"6834acdec85453f28687257b","operation":"update","quotationId":"6836ae747d7628df03610dab","referenceNumber":"Q-250528-120420","clientId":"6836fa81e821fe2f8c68b867"}
[2025-05-28 17:29:02] [Raghav Sobti] [INFO] [quotationActivity] - Quotation Q-250528-120420 updated | Details: {"quotationId":"6836ae747d7628df03610dab","referenceNumber":"Q-250528-120420","action":"UPDATE_QUOTATION_SUCCESS"}
[2025-05-28 17:34:24] [Raghav Sobti] [ERROR] [ticketActivity] - Failed to generate ticket number from API | Error: Request failed with status code 500
  Stack Trace:
  AxiosError: Request failed with status code 500
      at settle (http://localhost:5173/node_modules/.vite/deps/axios.js?v=bd84a863:1218:12)
      at XMLHttpRequest.onloadend (http://localhost:5173/node_modules/.vite/deps/axios.js?v=bd84a863:1550:7)
      at Axios.request (http://localhost:5173/node_modules/.vite/deps/axios.js?v=bd84a863:2108:41)
      at async generateTicketNumber (http://localhost:5173/src/pages/Quotations.jsx?t=1748433623284:1062:24)
      at async handleCreateTicket (http://localhost:5173/src/pages/Quotations.jsx?t=1748433623284:1092:26) | Details: {"responseData":{"error":"Failed to fetch ticket"},"action":"GENERATE_TICKET_NUMBER_FAILURE"}
[2025-05-28 17:34:38] [Raghav Sobti] [ERROR] [ticketActivity] - Failed to generate ticket number from API | Error: Request failed with status code 500
  Stack Trace:
  AxiosError: Request failed with status code 500
      at settle (http://localhost:5173/node_modules/.vite/deps/axios.js?v=bd84a863:1218:12)
      at XMLHttpRequest.onloadend (http://localhost:5173/node_modules/.vite/deps/axios.js?v=bd84a863:1550:7)
      at Axios.request (http://localhost:5173/node_modules/.vite/deps/axios.js?v=bd84a863:2108:41)
      at async generateTicketNumber (http://localhost:5173/src/pages/Quotations.jsx?t=1748433623284:1062:24)
      at async handleCreateTicket (http://localhost:5173/src/pages/Quotations.jsx?t=1748433623284:1092:26) | Details: {"responseData":{"error":"Failed to fetch ticket"},"action":"GENERATE_TICKET_NUMBER_FAILURE"}
[2025-05-28 17:37:57] [System] [INFO] [server-lifecycle] - Server started and listening on port 3000
[2025-05-28 17:39:41] [System] [ERROR] [ticketActivity] - Failed to check for existing ticket | Details: {"_id":"6834acdec85453f28687257b","firstname":"Raghav","lastname":"Sobti","email":"test@gmail.com","phone":"8591499393","role":"super-admin","isActive":true,"createdAt":"2025-05-26T18:03:10.900Z","updatedAt":"2025-05-28T11:03:01.961Z","fullName":"Raghav Sobti","id":"6834acdec85453f28687257b"}
[2025-05-28 17:39:42] [Raghav Sobti] [INFO] [ticketActivity] - Ticket T-250528-173931 created successfully from quotation Q-250528-120420 | Details: {"action":"TICKET_CREATED_FROM_QUOTATION_SUCCESS","ticketNumber":"T-250528-173931","quotationNumber":"Q-250528-120420"}
[2025-05-28 17:59:50] [System] [ERROR] [global-error] - Uncaught ReferenceError: ActionButtons is not defined | Error: ActionButtons is not defined
  Stack Trace:
  ReferenceError: ActionButtons is not defined
      at http://localhost:5173/src/pages/Challan.jsx:671:15
      at Array.map (<anonymous>)
      at Challan (http://localhost:5173/src/pages/Challan.jsx:643:33)
      at react-stack-bottom-frame (http://localhost:5173/node_modules/.vite/deps/react-dom_client.js?v=8f7df399:17424:20)
      at renderWithHooks (http://localhost:5173/node_modules/.vite/deps/react-dom_client.js?v=8f7df399:4206:24)
      at updateFunctionComponent (http://localhost:5173/node_modules/.vite/deps/react-dom_client.js?v=8f7df399:6619:21)
      at beginWork (http://localhost:5173/node_modules/.vite/deps/react-dom_client.js?v=8f7df399:7654:20)
      at runWithFiberInDEV (http://localhost:5173/node_modules/.vite/deps/react-dom_client.js?v=8f7df399:1485:72)
      at performUnitOfWork (http://localhost:5173/node_modules/.vite/deps/react-dom_client.js?v=8f7df399:10868:98)
      at workLoopSync (http://localhost:5173/node_modules/.vite/deps/react-dom_client.js?v=8f7df399:10728:43) | Details: {"url":"http://localhost:5173/src/pages/Challan.jsx","lineNo":671,"columnNo":15}
[2025-05-28 19:59:04] [System] [INFO] [server-lifecycle] - Server started and listening on port 3000
[2025-05-28 19:59:25] [Raghav Sobti] [INFO] [userActivity] - User logged in | Details: {"event":"USER_LOGIN","userId":"6834acdec85453f28687257b","userEmail":"test@gmail.com"}
[2025-05-28 19:59:53] [System] [ERROR] [global-error] - Uncaught ReferenceError: ActionButtons is not defined | Error: ActionButtons is not defined
  Stack Trace:
  ReferenceError: ActionButtons is not defined
      at http://localhost:5173/src/pages/Challan.jsx?t=1748442585401:671:15
      at Array.map (<anonymous>)
      at Challan (http://localhost:5173/src/pages/Challan.jsx?t=1748442585401:643:33)
      at react-stack-bottom-frame (http://localhost:5173/node_modules/.vite/deps/react-dom_client.js?v=730424e3:17424:20)
      at renderWithHooks (http://localhost:5173/node_modules/.vite/deps/react-dom_client.js?v=730424e3:4206:24)
      at updateFunctionComponent (http://localhost:5173/node_modules/.vite/deps/react-dom_client.js?v=730424e3:6619:21)
      at beginWork (http://localhost:5173/node_modules/.vite/deps/react-dom_client.js?v=730424e3:7654:20)
      at runWithFiberInDEV (http://localhost:5173/node_modules/.vite/deps/react-dom_client.js?v=730424e3:1485:72)
      at performUnitOfWork (http://localhost:5173/node_modules/.vite/deps/react-dom_client.js?v=730424e3:10868:98)
      at workLoopSync (http://localhost:5173/node_modules/.vite/deps/react-dom_client.js?v=730424e3:10728:43) | Details: {"url":"http://localhost:5173/src/pages/Challan.jsx?t=1748442585401","lineNo":671,"columnNo":15}
[2025-05-28 19:59:55] [System] [ERROR] [global-error] - Uncaught ReferenceError: ActionButtons is not defined | Error: ActionButtons is not defined
  Stack Trace:
  ReferenceError: ActionButtons is not defined
      at http://localhost:5173/src/pages/Challan.jsx?t=1748442585401:671:15
      at Array.map (<anonymous>)
      at Challan (http://localhost:5173/src/pages/Challan.jsx?t=1748442585401:643:33)
      at react-stack-bottom-frame (http://localhost:5173/node_modules/.vite/deps/react-dom_client.js?v=730424e3:17424:20)
      at renderWithHooks (http://localhost:5173/node_modules/.vite/deps/react-dom_client.js?v=730424e3:4206:24)
      at updateFunctionComponent (http://localhost:5173/node_modules/.vite/deps/react-dom_client.js?v=730424e3:6619:21)
      at beginWork (http://localhost:5173/node_modules/.vite/deps/react-dom_client.js?v=730424e3:7654:20)
      at runWithFiberInDEV (http://localhost:5173/node_modules/.vite/deps/react-dom_client.js?v=730424e3:1485:72)
      at performUnitOfWork (http://localhost:5173/node_modules/.vite/deps/react-dom_client.js?v=730424e3:10868:98)
      at workLoopSync (http://localhost:5173/node_modules/.vite/deps/react-dom_client.js?v=730424e3:10728:43) | Details: {"url":"http://localhost:5173/src/pages/Challan.jsx?t=1748442585401","lineNo":671,"columnNo":15}
[2025-05-28 20:00:45] [System] [ERROR] [global-error] - Uncaught ReferenceError: ActionButtons is not defined | Error: ActionButtons is not defined
  Stack Trace:
  ReferenceError: ActionButtons is not defined
      at http://localhost:5173/src/pages/Challan.jsx?t=1748442585401:671:15
      at Array.map (<anonymous>)
      at Challan (http://localhost:5173/src/pages/Challan.jsx?t=1748442585401:643:33)
      at react-stack-bottom-frame (http://localhost:5173/node_modules/.vite/deps/react-dom_client.js?v=730424e3:17424:20)
      at renderWithHooks (http://localhost:5173/node_modules/.vite/deps/react-dom_client.js?v=730424e3:4206:24)
      at updateFunctionComponent (http://localhost:5173/node_modules/.vite/deps/react-dom_client.js?v=730424e3:6619:21)
      at beginWork (http://localhost:5173/node_modules/.vite/deps/react-dom_client.js?v=730424e3:7654:20)
      at runWithFiberInDEV (http://localhost:5173/node_modules/.vite/deps/react-dom_client.js?v=730424e3:1485:72)
      at performUnitOfWork (http://localhost:5173/node_modules/.vite/deps/react-dom_client.js?v=730424e3:10868:98)
      at workLoopSync (http://localhost:5173/node_modules/.vite/deps/react-dom_client.js?v=730424e3:10728:43) | Details: {"url":"http://localhost:5173/src/pages/Challan.jsx?t=1748442585401","lineNo":671,"columnNo":15}
[2025-05-28 20:00:47] [System] [ERROR] [global-error] - Uncaught ReferenceError: ActionButtons is not defined | Error: ActionButtons is not defined
  Stack Trace:
  ReferenceError: ActionButtons is not defined
      at http://localhost:5173/src/pages/Challan.jsx?t=1748442585401:671:15
      at Array.map (<anonymous>)
      at Challan (http://localhost:5173/src/pages/Challan.jsx?t=1748442585401:643:33)
      at react-stack-bottom-frame (http://localhost:5173/node_modules/.vite/deps/react-dom_client.js?v=730424e3:17424:20)
      at renderWithHooks (http://localhost:5173/node_modules/.vite/deps/react-dom_client.js?v=730424e3:4206:24)
      at updateFunctionComponent (http://localhost:5173/node_modules/.vite/deps/react-dom_client.js?v=730424e3:6619:21)
      at beginWork (http://localhost:5173/node_modules/.vite/deps/react-dom_client.js?v=730424e3:7654:20)
      at runWithFiberInDEV (http://localhost:5173/node_modules/.vite/deps/react-dom_client.js?v=730424e3:1485:72)
      at performUnitOfWork (http://localhost:5173/node_modules/.vite/deps/react-dom_client.js?v=730424e3:10868:98)
      at workLoopSync (http://localhost:5173/node_modules/.vite/deps/react-dom_client.js?v=730424e3:10728:43) | Details: {"url":"http://localhost:5173/src/pages/Challan.jsx?t=1748442585401","lineNo":671,"columnNo":15}
[2025-05-28 20:01:20] [System] [ERROR] [global-error] - Uncaught ReferenceError: ActionButtons is not defined | Error: ActionButtons is not defined
  Stack Trace:
  ReferenceError: ActionButtons is not defined
      at http://localhost:5173/src/pages/History.jsx?t=1748442585624:320:15
      at Array.map (<anonymous>)
      at History (http://localhost:5173/src/pages/History.jsx?t=1748442585624:302:68)
      at react-stack-bottom-frame (http://localhost:5173/node_modules/.vite/deps/react-dom_client.js?v=730424e3:17424:20)
      at renderWithHooks (http://localhost:5173/node_modules/.vite/deps/react-dom_client.js?v=730424e3:4206:24)
      at updateFunctionComponent (http://localhost:5173/node_modules/.vite/deps/react-dom_client.js?v=730424e3:6619:21)
      at beginWork (http://localhost:5173/node_modules/.vite/deps/react-dom_client.js?v=730424e3:7654:20)
      at runWithFiberInDEV (http://localhost:5173/node_modules/.vite/deps/react-dom_client.js?v=730424e3:1485:72)
      at performUnitOfWork (http://localhost:5173/node_modules/.vite/deps/react-dom_client.js?v=730424e3:10868:98)
      at workLoopSync (http://localhost:5173/node_modules/.vite/deps/react-dom_client.js?v=730424e3:10728:43) | Details: {"url":"http://localhost:5173/src/pages/History.jsx?t=1748442585624","lineNo":320,"columnNo":15}
[2025-05-28 20:01:31] [System] [ERROR] [global-error] - Uncaught ReferenceError: ActionButtons is not defined | Error: ActionButtons is not defined
  Stack Trace:
  ReferenceError: ActionButtons is not defined
      at http://localhost:5173/src/pages/History.jsx?t=1748442585624:320:15
      at Array.map (<anonymous>)
      at History (http://localhost:5173/src/pages/History.jsx?t=1748442585624:302:68)
      at react-stack-bottom-frame (http://localhost:5173/node_modules/.vite/deps/react-dom_client.js?v=730424e3:17424:20)
      at renderWithHooks (http://localhost:5173/node_modules/.vite/deps/react-dom_client.js?v=730424e3:4206:24)
      at updateFunctionComponent (http://localhost:5173/node_modules/.vite/deps/react-dom_client.js?v=730424e3:6619:21)
      at beginWork (http://localhost:5173/node_modules/.vite/deps/react-dom_client.js?v=730424e3:7654:20)
      at runWithFiberInDEV (http://localhost:5173/node_modules/.vite/deps/react-dom_client.js?v=730424e3:1485:72)
      at performUnitOfWork (http://localhost:5173/node_modules/.vite/deps/react-dom_client.js?v=730424e3:10868:98)
      at workLoopSync (http://localhost:5173/node_modules/.vite/deps/react-dom_client.js?v=730424e3:10728:43) | Details: {"url":"http://localhost:5173/src/pages/History.jsx?t=1748442585624","lineNo":320,"columnNo":15}
[2025-05-28 20:01:35] [System] [ERROR] [global-error] - Uncaught ReferenceError: ActionButtons is not defined | Error: ActionButtons is not defined
  Stack Trace:
  ReferenceError: ActionButtons is not defined
      at http://localhost:5173/src/pages/History.jsx?t=1748442585624:320:15
      at Array.map (<anonymous>)
      at History (http://localhost:5173/src/pages/History.jsx?t=1748442585624:302:68)
      at react-stack-bottom-frame (http://localhost:5173/node_modules/.vite/deps/react-dom_client.js?v=730424e3:17424:20)
      at renderWithHooks (http://localhost:5173/node_modules/.vite/deps/react-dom_client.js?v=730424e3:4206:24)
      at updateFunctionComponent (http://localhost:5173/node_modules/.vite/deps/react-dom_client.js?v=730424e3:6619:21)
      at beginWork (http://localhost:5173/node_modules/.vite/deps/react-dom_client.js?v=730424e3:7654:20)
      at runWithFiberInDEV (http://localhost:5173/node_modules/.vite/deps/react-dom_client.js?v=730424e3:1485:72)
      at performUnitOfWork (http://localhost:5173/node_modules/.vite/deps/react-dom_client.js?v=730424e3:10868:98)
      at workLoopSync (http://localhost:5173/node_modules/.vite/deps/react-dom_client.js?v=730424e3:10728:43) | Details: {"url":"http://localhost:5173/src/pages/History.jsx?t=1748442585624","lineNo":320,"columnNo":15}
[2025-05-28 20:17:29] [Raghav Sobti] [INFO] [ticketActivity] - Ticket T-250528-163252 updated successfully! | Details: {"ticketId":"6836ed652a732aeb58ad50fb","ticketNumber":"T-250528-163252","action":"UPDATE_TICKET_SUCCESS"}
[2025-05-28 20:31:12] [Raghav Sobti] [INFO] [clientActivity] - New client saved successfully | Details: {"clientId":"68372538c468e37e5a387305","clientName":"mr raghav","action":"SAVE_NEW_CLIENT_SUCCESS"}
[2025-05-28 20:31:21] [Raghav Sobti] [INFO] [quotation] - Quotation created successfully | Details: {"userId":"6834acdec85453f28687257b","operation":"create","quotationId":"68372541c468e37e5a38730b","referenceNumber":"Q-250528-203020","clientId":"68372538c468e37e5a387305"}
[2025-05-28 20:31:21] [Raghav Sobti] [INFO] [quotationActivity] - Quotation Q-250528-203020 created | Details: {"quotationId":"68372541c468e37e5a38730b","referenceNumber":"Q-250528-203020","action":"CREATE_QUOTATION_SUCCESS"}
[2025-05-28 20:32:35] [Raghav Sobti] [INFO] [quotation] - Quotation updated successfully | Details: {"userId":"6834acdec85453f28687257b","operation":"update","quotationId":"6836da39dfbdd9c58cbdbade","referenceNumber":"Q-250528-151040","clientId":"68359310a835a365dacce647"}
[2025-05-28 20:32:35] [Raghav Sobti] [INFO] [quotationActivity] - Quotation Q-250528-151040 updated | Details: {"quotationId":"6836da39dfbdd9c58cbdbade","referenceNumber":"Q-250528-151040","action":"UPDATE_QUOTATION_SUCCESS"}
[2025-05-28 20:32:40] [Raghav Sobti] [INFO] [quotation] - Quotation updated successfully | Details: {"userId":"6834acdec85453f28687257b","operation":"update","quotationId":"6836ec1b2a732aeb58ad5050","referenceNumber":"Q-250528-162706","clientId":"6836ec122a732aeb58ad504a"}
[2025-05-28 20:32:40] [Raghav Sobti] [INFO] [quotationActivity] - Quotation Q-250528-162706 updated | Details: {"quotationId":"6836ec1b2a732aeb58ad5050","referenceNumber":"Q-250528-162706","action":"UPDATE_QUOTATION_SUCCESS"}
[2025-05-28 20:34:30] [System] [ERROR] [ticketActivity] - Failed to check for existing ticket | Details: {"_id":"6834acdec85453f28687257b","firstname":"Raghav","lastname":"Sobti","email":"test@gmail.com","phone":"8591499393","role":"super-admin","isActive":true,"createdAt":"2025-05-26T18:03:10.900Z","updatedAt":"2025-05-28T12:09:42.056Z","fullName":"Raghav Sobti","id":"6834acdec85453f28687257b"}
[2025-05-28 20:34:30] [Raghav Sobti] [INFO] [ticketActivity] - Ticket T-250528-203417 created successfully from quotation Q-250528-203020 | Details: {"action":"TICKET_CREATED_FROM_QUOTATION_SUCCESS","ticketNumber":"T-250528-203417","quotationNumber":"Q-250528-203020"}
[2025-05-28 20:34:43] [Raghav Sobti] [INFO] [ticketActivity] - Ticket T-250528-203417 updated successfully! | Details: {"ticketId":"683725fec468e37e5a3874b1","ticketNumber":"T-250528-203417","action":"UPDATE_TICKET_SUCCESS"}
[2025-05-28 20:35:29] [Raghav Sobti] [ERROR] [userSearch] - Failed to fetch users | Error: getAuthTokenInternal is not defined
  Stack Trace:
  ReferenceError: getAuthTokenInternal is not defined
      at http://localhost:5173/src/pages/Tickets.jsx?t=1748444053527:59:21
      at http://localhost:5173/src/pages/Tickets.jsx?t=1748444053527:82:5
      at react-stack-bottom-frame (http://localhost:5173/node_modules/.vite/deps/react-dom_client.js?v=730424e3:17478:20)
      at runWithFiberInDEV (http://localhost:5173/node_modules/.vite/deps/react-dom_client.js?v=730424e3:1485:72)
      at commitHookEffectListMount (http://localhost:5173/node_modules/.vite/deps/react-dom_client.js?v=730424e3:8460:122)
      at commitHookPassiveMountEffects (http://localhost:5173/node_modules/.vite/deps/react-dom_client.js?v=730424e3:8518:60)
      at commitPassiveMountOnFiber (http://localhost:5173/node_modules/.vite/deps/react-dom_client.js?v=730424e3:9887:29)
      at recursivelyTraversePassiveMountEffects (http://localhost:5173/node_modules/.vite/deps/react-dom_client.js?v=730424e3:9868:13)
      at commitPassiveMountOnFiber (http://localhost:5173/node_modules/.vite/deps/react-dom_client.js?v=730424e3:9984:13)
      at recursivelyTraversePassiveMountEffects (http://localhost:5173/node_modules/.vite/deps/react-dom_client.js?v=730424e3:9868:13)
[2025-05-28 20:35:29] [Raghav Sobti] [ERROR] [userSearch] - Failed to fetch users | Error: getAuthTokenInternal is not defined
  Stack Trace:
  ReferenceError: getAuthTokenInternal is not defined
      at http://localhost:5173/src/pages/Tickets.jsx?t=1748444053527:59:21
      at http://localhost:5173/src/pages/Tickets.jsx?t=1748444053527:82:5
      at react-stack-bottom-frame (http://localhost:5173/node_modules/.vite/deps/react-dom_client.js?v=730424e3:17478:20)
      at runWithFiberInDEV (http://localhost:5173/node_modules/.vite/deps/react-dom_client.js?v=730424e3:1485:72)
      at commitHookEffectListMount (http://localhost:5173/node_modules/.vite/deps/react-dom_client.js?v=730424e3:8460:122)
      at commitHookPassiveMountEffects (http://localhost:5173/node_modules/.vite/deps/react-dom_client.js?v=730424e3:8518:60)
      at reconnectPassiveEffects (http://localhost:5173/node_modules/.vite/deps/react-dom_client.js?v=730424e3:10016:13)
      at recursivelyTraverseReconnectPassiveEffects (http://localhost:5173/node_modules/.vite/deps/react-dom_client.js?v=730424e3:9995:11)
      at reconnectPassiveEffects (http://localhost:5173/node_modules/.vite/deps/react-dom_client.js?v=730424e3:10054:13)
      at recursivelyTraverseReconnectPassiveEffects (http://localhost:5173/node_modules/.vite/deps/react-dom_client.js?v=730424e3:9995:11)
[2025-05-28 20:37:10] [Raghav Sobti] [ERROR] [userSearch] - Failed to fetch users | Error: getAuthTokenInternal is not defined
  Stack Trace:
  ReferenceError: getAuthTokenInternal is not defined
      at http://localhost:5173/src/pages/Tickets.jsx?t=1748444793872:59:21
      at http://localhost:5173/src/pages/Tickets.jsx?t=1748444793872:82:5
      at react-stack-bottom-frame (http://localhost:5173/node_modules/.vite/deps/react-dom_client.js?v=730424e3:17478:20)
      at runWithFiberInDEV (http://localhost:5173/node_modules/.vite/deps/react-dom_client.js?v=730424e3:1485:72)
      at commitHookEffectListMount (http://localhost:5173/node_modules/.vite/deps/react-dom_client.js?v=730424e3:8460:122)
      at commitHookPassiveMountEffects (http://localhost:5173/node_modules/.vite/deps/react-dom_client.js?v=730424e3:8518:60)
      at commitPassiveMountOnFiber (http://localhost:5173/node_modules/.vite/deps/react-dom_client.js?v=730424e3:9887:29)
      at recursivelyTraversePassiveMountEffects (http://localhost:5173/node_modules/.vite/deps/react-dom_client.js?v=730424e3:9868:13)
      at commitPassiveMountOnFiber (http://localhost:5173/node_modules/.vite/deps/react-dom_client.js?v=730424e3:9984:13)
      at recursivelyTraversePassiveMountEffects (http://localhost:5173/node_modules/.vite/deps/react-dom_client.js?v=730424e3:9868:13)
[2025-05-28 20:37:10] [Raghav Sobti] [ERROR] [userSearch] - Failed to fetch users | Error: getAuthTokenInternal is not defined
  Stack Trace:
  ReferenceError: getAuthTokenInternal is not defined
      at http://localhost:5173/src/pages/Tickets.jsx?t=1748444793872:59:21
      at http://localhost:5173/src/pages/Tickets.jsx?t=1748444793872:82:5
      at react-stack-bottom-frame (http://localhost:5173/node_modules/.vite/deps/react-dom_client.js?v=730424e3:17478:20)
      at runWithFiberInDEV (http://localhost:5173/node_modules/.vite/deps/react-dom_client.js?v=730424e3:1485:72)
      at commitHookEffectListMount (http://localhost:5173/node_modules/.vite/deps/react-dom_client.js?v=730424e3:8460:122)
      at commitHookPassiveMountEffects (http://localhost:5173/node_modules/.vite/deps/react-dom_client.js?v=730424e3:8518:60)
      at reconnectPassiveEffects (http://localhost:5173/node_modules/.vite/deps/react-dom_client.js?v=730424e3:10016:13)
      at recursivelyTraverseReconnectPassiveEffects (http://localhost:5173/node_modules/.vite/deps/react-dom_client.js?v=730424e3:9995:11)
      at reconnectPassiveEffects (http://localhost:5173/node_modules/.vite/deps/react-dom_client.js?v=730424e3:10054:13)
      at recursivelyTraverseReconnectPassiveEffects (http://localhost:5173/node_modules/.vite/deps/react-dom_client.js?v=730424e3:9995:11)
[2025-05-28 20:38:43] [System] [INFO] [server-lifecycle] - Server started and listening on port 3000
[2025-05-28 20:39:24] [Raghav Sobti] [INFO] [documentActivity] - Document (po) uploaded successfully for ticket T-250528-203417. | Details: {"ticketId":"683725fec468e37e5a3874b1","docType":"po","action":"UPLOAD_DOCUMENT_SUCCESS"}
[2025-05-28 20:39:32] [Raghav Sobti] [INFO] [ticketActivity] - Ticket T-250528-203417 updated successfully! | Details: {"ticketId":"683725fec468e37e5a3874b1","ticketNumber":"T-250528-203417","action":"UPDATE_TICKET_SUCCESS"}
[2025-05-28 20:39:45] [Raghav Sobti] [ERROR] [documentActivity] - Failed to upload document (other) for ticket 683725fec468e37e5a3874b1 | Error: Request failed with status code 400
  Stack Trace:
  AxiosError: Request failed with status code 400
      at settle (http://localhost:5173/node_modules/.vite/deps/axios.js?v=730424e3:1218:12)
      at XMLHttpRequest.onloadend (http://localhost:5173/node_modules/.vite/deps/axios.js?v=730424e3:1550:7)
      at Axios.request (http://localhost:5173/node_modules/.vite/deps/axios.js?v=730424e3:2108:41)
      at async handleDocumentUpload (http://localhost:5173/src/pages/Tickets.jsx?t=1748444918232:1080:24) | Details: {"ticketId":"683725fec468e37e5a3874b1","docType":"other","action":"UPLOAD_DOCUMENT_FAILURE"}
[2025-05-28 20:51:34] [System] [INFO] [server-lifecycle] - Server started and listening on port 3000
[2025-05-28 21:15:36] [System] [INFO] [server-lifecycle] - Server started and listening on port 3000
[2025-05-28 21:16:28] [System] [ERROR] [general] - Unhandled server error on /api/tickets/683725fec468e37e5a3874b1/documents | Error: logger is not defined
  Stack Trace:
  ReferenceError: logger is not defined
      at C:\Users\Raghav Raj Sobti\Desktop\fresh\server\routes\tickets.js:239:7
      at process.processTicksAndRejections (node:internal/process/task_queues:95:5) | Details: {"requestMethod":"POST"}
[2025-05-28 21:16:28] [Raghav Sobti] [ERROR] [documentActivity] - Failed to upload document (other) for ticket 683725fec468e37e5a3874b1 | Error: Request failed with status code 500
  Stack Trace:
  AxiosError: Request failed with status code 500
      at settle (http://localhost:5173/node_modules/.vite/deps/axios.js?v=730424e3:1218:12)
      at XMLHttpRequest.onloadend (http://localhost:5173/node_modules/.vite/deps/axios.js?v=730424e3:1550:7)
      at Axios.request (http://localhost:5173/node_modules/.vite/deps/axios.js?v=730424e3:2108:41)
      at async handleDocumentUpload (http://localhost:5173/src/pages/Tickets.jsx?t=1748444918232:1080:24) | Details: {"ticketId":"683725fec468e37e5a3874b1","docType":"other","action":"UPLOAD_DOCUMENT_FAILURE"}
[2025-05-28 21:17:01] [Raghav Sobti] [INFO] [clientActivity] - New client saved successfully | Details: {"clientId":"68372ff534a251b674be81c9","clientName":"testing documents","action":"SAVE_NEW_CLIENT_SUCCESS"}
[2025-05-28 21:17:09] [Raghav Sobti] [INFO] [quotation] - Quotation created successfully | Details: {"userId":"6834acdec85453f28687257b","operation":"create","quotationId":"68372ffd34a251b674be81cf","referenceNumber":"Q-250528-211637","clientId":"68372ff534a251b674be81c9"}
[2025-05-28 21:17:10] [Raghav Sobti] [INFO] [quotationActivity] - Quotation Q-250528-211637 created | Details: {"quotationId":"68372ffd34a251b674be81cf","referenceNumber":"Q-250528-211637","action":"CREATE_QUOTATION_SUCCESS"}
[2025-05-28 21:17:52] [System] [ERROR] [ticketActivity] - Failed to check for existing ticket | Details: {"_id":"6834acdec85453f28687257b","firstname":"Raghav","lastname":"Sobti","email":"test@gmail.com","phone":"8591499393","role":"super-admin","isActive":true,"createdAt":"2025-05-26T18:03:10.900Z","updatedAt":"2025-05-28T15:04:30.727Z","fullName":"Raghav Sobti","id":"6834acdec85453f28687257b"}
[2025-05-28 21:17:52] [System] [ERROR] [unhandled-rejection] - completeTicketData is not defined
  Stack Trace:
  ReferenceError: completeTicketData is not defined
      at handleTicketSubmit (http://localhost:5173/src/pages/Quotations.jsx?t=1748444618409:1212:32) | Details: {"rejectionDetails":{}}
[2025-05-28 21:18:04] [System] [ERROR] [ticketActivity] - Failed to check for existing ticket | Details: {"_id":"6834acdec85453f28687257b","firstname":"Raghav","lastname":"Sobti","email":"test@gmail.com","phone":"8591499393","role":"super-admin","isActive":true,"createdAt":"2025-05-26T18:03:10.900Z","updatedAt":"2025-05-28T15:04:30.727Z","fullName":"Raghav Sobti","id":"6834acdec85453f28687257b"}
[2025-05-28 21:18:04] [System] [ERROR] [unhandled-rejection] - completeTicketData is not defined
  Stack Trace:
  ReferenceError: completeTicketData is not defined
      at handleTicketSubmit (http://localhost:5173/src/pages/Quotations.jsx?t=1748444618409:1212:32) | Details: {"rejectionDetails":{}}
[2025-05-28 21:19:44] [System] [ERROR] [ticketActivity] - Failed to check for existing ticket | Details: {"_id":"6834acdec85453f28687257b","firstname":"Raghav","lastname":"Sobti","email":"test@gmail.com","phone":"8591499393","role":"super-admin","isActive":true,"createdAt":"2025-05-26T18:03:10.900Z","updatedAt":"2025-05-28T15:04:30.727Z","fullName":"Raghav Sobti","id":"6834acdec85453f28687257b"}
[2025-05-28 21:19:44] [System] [ERROR] [ticketActivity] - Failed to create ticket from quotation | Details: {"_id":"6834acdec85453f28687257b","firstname":"Raghav","lastname":"Sobti","email":"test@gmail.com","phone":"8591499393","role":"super-admin","isActive":true,"createdAt":"2025-05-26T18:03:10.900Z","updatedAt":"2025-05-28T15:04:30.727Z","fullName":"Raghav Sobti","id":"6834acdec85453f28687257b"}
[2025-05-28 21:22:56] [System] [ERROR] [ticketActivity] - Failed to check for existing ticket | Details: {"_id":"6834acdec85453f28687257b","firstname":"Raghav","lastname":"Sobti","email":"test@gmail.com","phone":"8591499393","role":"super-admin","isActive":true,"createdAt":"2025-05-26T18:03:10.900Z","updatedAt":"2025-05-28T15:04:30.727Z","fullName":"Raghav Sobti","id":"6834acdec85453f28687257b"}
[2025-05-28 21:22:56] [System] [ERROR] [ticketActivity] - Failed to create ticket from quotation | Details: {"_id":"6834acdec85453f28687257b","firstname":"Raghav","lastname":"Sobti","email":"test@gmail.com","phone":"8591499393","role":"super-admin","isActive":true,"createdAt":"2025-05-26T18:03:10.900Z","updatedAt":"2025-05-28T15:04:30.727Z","fullName":"Raghav Sobti","id":"6834acdec85453f28687257b"}
[2025-05-28 21:24:29] [Raghav Sobti] [ERROR] [ticketActivity] - Failed to check for existing ticket | Error: Request failed with status code 404
  Stack Trace:
  AxiosError: Request failed with status code 404
      at settle (http://localhost:5173/node_modules/.vite/deps/axios.js?v=730424e3:1218:12)
      at XMLHttpRequest.onloadend (http://localhost:5173/node_modules/.vite/deps/axios.js?v=730424e3:1550:7)
      at Axios.request (http://localhost:5173/node_modules/.vite/deps/axios.js?v=730424e3:2108:41)
      at async checkExistingTicket (http://localhost:5173/src/pages/Quotations.jsx?t=1748447635695:1104:24)
      at async handleTicketSubmit (http://localhost:5173/src/pages/Quotations.jsx?t=1748447635695:1134:28) | Details: {"quotationNumber":"Q-250528-211637","responseData":"<!DOCTYPE html>\n<html lang=\"en\">\n<head>\n<meta charset=\"utf-8\">\n<title>Error</title>\n</head>\n<body>\n<pre>Cannot GET /api/tickets/check/Q-250528-211637</pre>\n</body>\n</html>\n","action":"CHECK_EXISTING_TICKET_FAILURE"}
[2025-05-28 21:24:29] [Raghav Sobti] [INFO] [ticketActivity] - Ticket T-250528-212417 created successfully from quotation Q-250528-211637 | Details: {"action":"TICKET_CREATED_FROM_QUOTATION_SUCCESS","ticketNumber":"T-250528-212417","quotationNumber":"Q-250528-211637"}
[2025-05-28 21:24:55] [Raghav Sobti] [INFO] [documentActivity] - Document (po) uploaded successfully for ticket T-250528-212417. | Details: {"ticketId":"683731b534a251b674be828e","docType":"po","action":"UPLOAD_DOCUMENT_SUCCESS"}
[2025-05-28 21:25:03] [Raghav Sobti] [INFO] [documentActivity] - Document (other) uploaded successfully for ticket T-250528-212417. | Details: {"ticketId":"683731b534a251b674be828e","docType":"other","action":"UPLOAD_DOCUMENT_SUCCESS"}
[2025-05-28 21:25:03] [System] [ERROR] [global-error] - Uncaught TypeError: doc.split is not a function | Error: doc.split is not a function
  Stack Trace:
  TypeError: doc.split is not a function
      at http://localhost:5173/src/pages/Tickets.jsx?t=1748444918232:1627:26
      at Array.map (<anonymous>)
      at DocumentUploadSection (http://localhost:5173/src/pages/Tickets.jsx?t=1748444918232:1617:211)
      at react-stack-bottom-frame (http://localhost:5173/node_modules/.vite/deps/react-dom_client.js?v=730424e3:17424:20)
      at renderWithHooks (http://localhost:5173/node_modules/.vite/deps/react-dom_client.js?v=730424e3:4206:24)
      at updateFunctionComponent (http://localhost:5173/node_modules/.vite/deps/react-dom_client.js?v=730424e3:6619:21)
      at beginWork (http://localhost:5173/node_modules/.vite/deps/react-dom_client.js?v=730424e3:7654:20)
      at runWithFiberInDEV (http://localhost:5173/node_modules/.vite/deps/react-dom_client.js?v=730424e3:1485:72)
      at performUnitOfWork (http://localhost:5173/node_modules/.vite/deps/react-dom_client.js?v=730424e3:10868:98)
      at workLoopSync (http://localhost:5173/node_modules/.vite/deps/react-dom_client.js?v=730424e3:10728:43) | Details: {"url":"http://localhost:5173/src/pages/Tickets.jsx?t=1748444918232","lineNo":1627,"columnNo":26}
[2025-05-28 21:41:57] [System] [INFO] [server-lifecycle] - Server started and listening on port 3000
[2025-05-28 21:42:30] [Raghav Sobti] [INFO] [documentActivity] - Document (other) uploaded successfully for ticket T-250528-212417. | Details: {"ticketId":"683731b534a251b674be828e","docType":"other","action":"UPLOAD_DOCUMENT_SUCCESS"}
[2025-05-28 21:49:07] [System] [ERROR] [global-error] - Uncaught ReferenceError: documentTypes is not defined | Error: documentTypes is not defined
  Stack Trace:
  ReferenceError: documentTypes is not defined
      at DocumentTable (http://localhost:5173/src/pages/Tickets.jsx?t=1748449147284:267:7)
      at react-stack-bottom-frame (http://localhost:5173/node_modules/.vite/deps/react-dom_client.js?v=730424e3:17424:20)
      at renderWithHooks (http://localhost:5173/node_modules/.vite/deps/react-dom_client.js?v=730424e3:4206:24)
      at updateFunctionComponent (http://localhost:5173/node_modules/.vite/deps/react-dom_client.js?v=730424e3:6619:21)
      at beginWork (http://localhost:5173/node_modules/.vite/deps/react-dom_client.js?v=730424e3:7654:20)
      at runWithFiberInDEV (http://localhost:5173/node_modules/.vite/deps/react-dom_client.js?v=730424e3:1485:72)
      at performUnitOfWork (http://localhost:5173/node_modules/.vite/deps/react-dom_client.js?v=730424e3:10868:98)
      at workLoopSync (http://localhost:5173/node_modules/.vite/deps/react-dom_client.js?v=730424e3:10728:43)
      at renderRootSync (http://localhost:5173/node_modules/.vite/deps/react-dom_client.js?v=730424e3:10711:13)
      at performWorkOnRoot (http://localhost:5173/node_modules/.vite/deps/react-dom_client.js?v=730424e3:10359:46) | Details: {"url":"http://localhost:5173/src/pages/Tickets.jsx?t=1748449147284","lineNo":267,"columnNo":7}
[2025-05-28 21:51:44] [System] [ERROR] [global-error] - Uncaught ReferenceError: documentStatusMap is not defined | Error: documentStatusMap is not defined
  Stack Trace:
  ReferenceError: documentStatusMap is not defined
      at Dashboard (http://localhost:5173/src/pages/Tickets.jsx?t=1748449304021:503:52)
      at react-stack-bottom-frame (http://localhost:5173/node_modules/.vite/deps/react-dom_client.js?v=730424e3:17424:20)
      at renderWithHooks (http://localhost:5173/node_modules/.vite/deps/react-dom_client.js?v=730424e3:4206:24)
      at updateFunctionComponent (http://localhost:5173/node_modules/.vite/deps/react-dom_client.js?v=730424e3:6619:21)
      at beginWork (http://localhost:5173/node_modules/.vite/deps/react-dom_client.js?v=730424e3:7654:20)
      at runWithFiberInDEV (http://localhost:5173/node_modules/.vite/deps/react-dom_client.js?v=730424e3:1485:72)
      at performUnitOfWork (http://localhost:5173/node_modules/.vite/deps/react-dom_client.js?v=730424e3:10868:98)
      at workLoopSync (http://localhost:5173/node_modules/.vite/deps/react-dom_client.js?v=730424e3:10728:43)
      at renderRootSync (http://localhost:5173/node_modules/.vite/deps/react-dom_client.js?v=730424e3:10711:13)
      at performWorkOnRoot (http://localhost:5173/node_modules/.vite/deps/react-dom_client.js?v=730424e3:10359:46) | Details: {"url":"http://localhost:5173/src/pages/Tickets.jsx?t=1748449304021","lineNo":503,"columnNo":52}
[2025-05-28 21:51:47] [System] [ERROR] [global-error] - Uncaught ReferenceError: documentStatusMap is not defined | Error: documentStatusMap is not defined
  Stack Trace:
  ReferenceError: documentStatusMap is not defined
      at Dashboard (http://localhost:5173/src/pages/Tickets.jsx?t=1748449306475:503:52)
      at react-stack-bottom-frame (http://localhost:5173/node_modules/.vite/deps/react-dom_client.js?v=730424e3:17424:20)
      at renderWithHooks (http://localhost:5173/node_modules/.vite/deps/react-dom_client.js?v=730424e3:4206:24)
      at updateFunctionComponent (http://localhost:5173/node_modules/.vite/deps/react-dom_client.js?v=730424e3:6619:21)
      at beginWork (http://localhost:5173/node_modules/.vite/deps/react-dom_client.js?v=730424e3:7654:20)
      at runWithFiberInDEV (http://localhost:5173/node_modules/.vite/deps/react-dom_client.js?v=730424e3:1485:72)
      at performUnitOfWork (http://localhost:5173/node_modules/.vite/deps/react-dom_client.js?v=730424e3:10868:98)
      at workLoopSync (http://localhost:5173/node_modules/.vite/deps/react-dom_client.js?v=730424e3:10728:43)
      at renderRootSync (http://localhost:5173/node_modules/.vite/deps/react-dom_client.js?v=730424e3:10711:13)
      at performWorkOnRoot (http://localhost:5173/node_modules/.vite/deps/react-dom_client.js?v=730424e3:10359:46) | Details: {"url":"http://localhost:5173/src/pages/Tickets.jsx?t=1748449306475","lineNo":503,"columnNo":52}
[2025-05-28 22:03:42] [System] [ERROR] [global-error] - Uncaught ReferenceError: DocumentUploadSection is not defined | Error: DocumentUploadSection is not defined
  Stack Trace:
  ReferenceError: DocumentUploadSection is not defined
      at Dashboard (http://localhost:5173/src/pages/Tickets.jsx?t=1748450022182:2322:38)
      at react-stack-bottom-frame (http://localhost:5173/node_modules/.vite/deps/react-dom_client.js?v=730424e3:17424:20)
      at renderWithHooks (http://localhost:5173/node_modules/.vite/deps/react-dom_client.js?v=730424e3:4206:24)
      at updateFunctionComponent (http://localhost:5173/node_modules/.vite/deps/react-dom_client.js?v=730424e3:6619:21)
      at beginWork (http://localhost:5173/node_modules/.vite/deps/react-dom_client.js?v=730424e3:7654:20)
      at runWithFiberInDEV (http://localhost:5173/node_modules/.vite/deps/react-dom_client.js?v=730424e3:1485:72)
      at performUnitOfWork (http://localhost:5173/node_modules/.vite/deps/react-dom_client.js?v=730424e3:10868:98)
      at workLoopSync (http://localhost:5173/node_modules/.vite/deps/react-dom_client.js?v=730424e3:10728:43)
      at renderRootSync (http://localhost:5173/node_modules/.vite/deps/react-dom_client.js?v=730424e3:10711:13)
      at performWorkOnRoot (http://localhost:5173/node_modules/.vite/deps/react-dom_client.js?v=730424e3:10359:46) | Details: {"url":"http://localhost:5173/src/pages/Tickets.jsx?t=1748450022182","lineNo":2322,"columnNo":38}
[2025-05-28 22:03:57] [System] [ERROR] [global-error] - Uncaught ReferenceError: DocumentUploadSection is not defined | Error: DocumentUploadSection is not defined
  Stack Trace:
  ReferenceError: DocumentUploadSection is not defined
      at Dashboard (http://localhost:5173/src/pages/Tickets.jsx?t=1748450037058:2322:38)
      at react-stack-bottom-frame (http://localhost:5173/node_modules/.vite/deps/react-dom_client.js?v=730424e3:17424:20)
      at renderWithHooks (http://localhost:5173/node_modules/.vite/deps/react-dom_client.js?v=730424e3:4206:24)
      at updateFunctionComponent (http://localhost:5173/node_modules/.vite/deps/react-dom_client.js?v=730424e3:6619:21)
      at beginWork (http://localhost:5173/node_modules/.vite/deps/react-dom_client.js?v=730424e3:7654:20)
      at runWithFiberInDEV (http://localhost:5173/node_modules/.vite/deps/react-dom_client.js?v=730424e3:1485:72)
      at performUnitOfWork (http://localhost:5173/node_modules/.vite/deps/react-dom_client.js?v=730424e3:10868:98)
      at workLoopSync (http://localhost:5173/node_modules/.vite/deps/react-dom_client.js?v=730424e3:10728:43)
      at renderRootSync (http://localhost:5173/node_modules/.vite/deps/react-dom_client.js?v=730424e3:10711:13)
      at performWorkOnRoot (http://localhost:5173/node_modules/.vite/deps/react-dom_client.js?v=730424e3:10359:46) | Details: {"url":"http://localhost:5173/src/pages/Tickets.jsx?t=1748450037058","lineNo":2322,"columnNo":38}
[2025-05-28 22:05:04] [System] [INFO] [server-lifecycle] - Server started and listening on port 3000
[2025-05-28 22:05:10] [System] [ERROR] [global-error] - Uncaught TypeError: Cannot read properties of undefined (reading 'quotation') | Error: Cannot read properties of undefined (reading 'quotation')
  Stack Trace:
  TypeError: Cannot read properties of undefined (reading 'quotation')
      at http://localhost:5173/src/pages/Tickets.jsx?t=1748450091186:1629:109
      at Array.map (<anonymous>)
      at DocumentUploadSection (http://localhost:5173/src/pages/Tickets.jsx?t=1748450091186:1621:10)
      at react-stack-bottom-frame (http://localhost:5173/node_modules/.vite/deps/react-dom_client.js?v=730424e3:17424:20)
      at renderWithHooks (http://localhost:5173/node_modules/.vite/deps/react-dom_client.js?v=730424e3:4206:24)
      at updateFunctionComponent (http://localhost:5173/node_modules/.vite/deps/react-dom_client.js?v=730424e3:6619:21)
      at beginWork (http://localhost:5173/node_modules/.vite/deps/react-dom_client.js?v=730424e3:7654:20)
      at runWithFiberInDEV (http://localhost:5173/node_modules/.vite/deps/react-dom_client.js?v=730424e3:1485:72)
      at performUnitOfWork (http://localhost:5173/node_modules/.vite/deps/react-dom_client.js?v=730424e3:10868:98)
      at workLoopSync (http://localhost:5173/node_modules/.vite/deps/react-dom_client.js?v=730424e3:10728:43) | Details: {"url":"http://localhost:5173/src/pages/Tickets.jsx?t=1748450091186","lineNo":1629,"columnNo":109}
[2025-05-28 22:05:14] [System] [ERROR] [global-error] - Uncaught TypeError: Cannot read properties of undefined (reading 'quotation') | Error: Cannot read properties of undefined (reading 'quotation')
  Stack Trace:
  TypeError: Cannot read properties of undefined (reading 'quotation')
      at http://localhost:5173/src/pages/Tickets.jsx?t=1748450091186:1629:109
      at Array.map (<anonymous>)
      at DocumentUploadSection (http://localhost:5173/src/pages/Tickets.jsx?t=1748450091186:1621:10)
      at react-stack-bottom-frame (http://localhost:5173/node_modules/.vite/deps/react-dom_client.js?v=730424e3:17424:20)
      at renderWithHooks (http://localhost:5173/node_modules/.vite/deps/react-dom_client.js?v=730424e3:4206:24)
      at updateFunctionComponent (http://localhost:5173/node_modules/.vite/deps/react-dom_client.js?v=730424e3:6619:21)
      at beginWork (http://localhost:5173/node_modules/.vite/deps/react-dom_client.js?v=730424e3:7654:20)
      at runWithFiberInDEV (http://localhost:5173/node_modules/.vite/deps/react-dom_client.js?v=730424e3:1485:72)
      at performUnitOfWork (http://localhost:5173/node_modules/.vite/deps/react-dom_client.js?v=730424e3:10868:98)
      at workLoopSync (http://localhost:5173/node_modules/.vite/deps/react-dom_client.js?v=730424e3:10728:43) | Details: {"url":"http://localhost:5173/src/pages/Tickets.jsx?t=1748450091186","lineNo":1629,"columnNo":109}
[2025-05-28 22:18:11] [System] [ERROR] [global-error] - Uncaught TypeError: Cannot read properties of undefined (reading 'quotation') | Error: Cannot read properties of undefined (reading 'quotation')
  Stack Trace:
  TypeError: Cannot read properties of undefined (reading 'quotation')
      at http://localhost:5173/src/pages/Tickets.jsx?t=1748450884048:1634:109
      at Array.map (<anonymous>)
      at DocumentUploadSection (http://localhost:5173/src/pages/Tickets.jsx?t=1748450884048:1626:10)
      at react-stack-bottom-frame (http://localhost:5173/node_modules/.vite/deps/react-dom_client.js?v=730424e3:17424:20)
      at renderWithHooks (http://localhost:5173/node_modules/.vite/deps/react-dom_client.js?v=730424e3:4206:24)
      at updateFunctionComponent (http://localhost:5173/node_modules/.vite/deps/react-dom_client.js?v=730424e3:6619:21)
      at beginWork (http://localhost:5173/node_modules/.vite/deps/react-dom_client.js?v=730424e3:7654:20)
      at runWithFiberInDEV (http://localhost:5173/node_modules/.vite/deps/react-dom_client.js?v=730424e3:1485:72)
      at performUnitOfWork (http://localhost:5173/node_modules/.vite/deps/react-dom_client.js?v=730424e3:10868:98)
      at workLoopSync (http://localhost:5173/node_modules/.vite/deps/react-dom_client.js?v=730424e3:10728:43) | Details: {"url":"http://localhost:5173/src/pages/Tickets.jsx?t=1748450884048","lineNo":1634,"columnNo":109}
[2025-05-28 22:22:19] [System] [INFO] [server-lifecycle] - Server started and listening on port 3000
[2025-05-28 22:22:24] [System] [ERROR] [global-error] - Uncaught TypeError: Cannot read properties of undefined (reading 'quotation') | Error: Cannot read properties of undefined (reading 'quotation')
  Stack Trace:
  TypeError: Cannot read properties of undefined (reading 'quotation')
      at http://localhost:5173/src/pages/Tickets.jsx?t=1748451121922:1636:109
      at Array.map (<anonymous>)
      at DocumentUploadSection (http://localhost:5173/src/pages/Tickets.jsx?t=1748451121922:1628:10)
      at react-stack-bottom-frame (http://localhost:5173/node_modules/.vite/deps/react-dom_client.js?v=730424e3:17424:20)
      at renderWithHooks (http://localhost:5173/node_modules/.vite/deps/react-dom_client.js?v=730424e3:4206:24)
      at updateFunctionComponent (http://localhost:5173/node_modules/.vite/deps/react-dom_client.js?v=730424e3:6619:21)
      at beginWork (http://localhost:5173/node_modules/.vite/deps/react-dom_client.js?v=730424e3:7654:20)
      at runWithFiberInDEV (http://localhost:5173/node_modules/.vite/deps/react-dom_client.js?v=730424e3:1485:72)
      at performUnitOfWork (http://localhost:5173/node_modules/.vite/deps/react-dom_client.js?v=730424e3:10868:98)
      at workLoopSync (http://localhost:5173/node_modules/.vite/deps/react-dom_client.js?v=730424e3:10728:43) | Details: {"url":"http://localhost:5173/src/pages/Tickets.jsx?t=1748451121922","lineNo":1636,"columnNo":109}
[2025-05-28 22:25:45] [System] [ERROR] [global-error] - Uncaught TypeError: handleDocumentUpload2 is not a function | Error: handleDocumentUpload2 is not a function
  Stack Trace:
  TypeError: handleDocumentUpload2 is not a function
      at onChange (http://localhost:5173/src/pages/Tickets.jsx?t=1748451330340:1712:17)
      at executeDispatch (http://localhost:5173/node_modules/.vite/deps/react-dom_client.js?v=730424e3:11736:11)
      at runWithFiberInDEV (http://localhost:5173/node_modules/.vite/deps/react-dom_client.js?v=730424e3:1485:72)
      at processDispatchQueue (http://localhost:5173/node_modules/.vite/deps/react-dom_client.js?v=730424e3:11772:37)
      at http://localhost:5173/node_modules/.vite/deps/react-dom_client.js?v=730424e3:12182:11
      at batchedUpdates$1 (http://localhost:5173/node_modules/.vite/deps/react-dom_client.js?v=730424e3:2628:42)
      at dispatchEventForPluginEventSystem (http://localhost:5173/node_modules/.vite/deps/react-dom_client.js?v=730424e3:11877:9)
      at dispatchEvent (http://localhost:5173/node_modules/.vite/deps/react-dom_client.js?v=730424e3:14792:13)
      at dispatchDiscreteEvent (http://localhost:5173/node_modules/.vite/deps/react-dom_client.js?v=730424e3:14773:62) | Details: {"url":"http://localhost:5173/src/pages/Tickets.jsx?t=1748451330340","lineNo":1712,"columnNo":17}
[2025-05-28 22:27:47] [System] [ERROR] [global-error] - Uncaught TypeError: handleDocumentUpload2 is not a function | Error: handleDocumentUpload2 is not a function
  Stack Trace:
  TypeError: handleDocumentUpload2 is not a function
      at onChange (http://localhost:5173/src/pages/Tickets.jsx?t=1748451330340:1712:17)
      at executeDispatch (http://localhost:5173/node_modules/.vite/deps/react-dom_client.js?v=730424e3:11736:11)
      at runWithFiberInDEV (http://localhost:5173/node_modules/.vite/deps/react-dom_client.js?v=730424e3:1485:72)
      at processDispatchQueue (http://localhost:5173/node_modules/.vite/deps/react-dom_client.js?v=730424e3:11772:37)
      at http://localhost:5173/node_modules/.vite/deps/react-dom_client.js?v=730424e3:12182:11
      at batchedUpdates$1 (http://localhost:5173/node_modules/.vite/deps/react-dom_client.js?v=730424e3:2628:42)
      at dispatchEventForPluginEventSystem (http://localhost:5173/node_modules/.vite/deps/react-dom_client.js?v=730424e3:11877:9)
      at dispatchEvent (http://localhost:5173/node_modules/.vite/deps/react-dom_client.js?v=730424e3:14792:13)
      at dispatchDiscreteEvent (http://localhost:5173/node_modules/.vite/deps/react-dom_client.js?v=730424e3:14773:62) | Details: {"url":"http://localhost:5173/src/pages/Tickets.jsx?t=1748451330340","lineNo":1712,"columnNo":17}
[2025-05-28 22:28:31] [System] [ERROR] [global-error] - Uncaught TypeError: handleDocumentUpload2 is not a function | Error: handleDocumentUpload2 is not a function
  Stack Trace:
  TypeError: handleDocumentUpload2 is not a function
      at onChange (http://localhost:5173/src/pages/Tickets.jsx?t=1748451480737:1712:17)
      at executeDispatch (http://localhost:5173/node_modules/.vite/deps/react-dom_client.js?v=730424e3:11736:11)
      at runWithFiberInDEV (http://localhost:5173/node_modules/.vite/deps/react-dom_client.js?v=730424e3:1485:72)
      at processDispatchQueue (http://localhost:5173/node_modules/.vite/deps/react-dom_client.js?v=730424e3:11772:37)
      at http://localhost:5173/node_modules/.vite/deps/react-dom_client.js?v=730424e3:12182:11
      at batchedUpdates$1 (http://localhost:5173/node_modules/.vite/deps/react-dom_client.js?v=730424e3:2628:42)
      at dispatchEventForPluginEventSystem (http://localhost:5173/node_modules/.vite/deps/react-dom_client.js?v=730424e3:11877:9)
      at dispatchEvent (http://localhost:5173/node_modules/.vite/deps/react-dom_client.js?v=730424e3:14792:13)
      at dispatchDiscreteEvent (http://localhost:5173/node_modules/.vite/deps/react-dom_client.js?v=730424e3:14773:62) | Details: {"url":"http://localhost:5173/src/pages/Tickets.jsx?t=1748451480737","lineNo":1712,"columnNo":17}
[2025-05-28 22:28:41] [Raghav Sobti] [INFO] [userActivity] - User logged out | Details: {"event":"USER_LOGOUT","userId":"6834acdec85453f28687257b","userEmail":"test@gmail.com"}
[2025-05-28 22:28:47] [Raghav Sobti] [INFO] [userActivity] - User logged in | Details: {"event":"USER_LOGIN","userId":"6834acdec85453f28687257b","userEmail":"test@gmail.com"}
[2025-05-28 22:28:54] [System] [ERROR] [global-error] - Uncaught TypeError: handleDocumentUpload2 is not a function | Error: handleDocumentUpload2 is not a function
  Stack Trace:
  TypeError: handleDocumentUpload2 is not a function
      at onChange (http://localhost:5173/src/pages/Tickets.jsx?t=1748451480737:1712:17)
      at executeDispatch (http://localhost:5173/node_modules/.vite/deps/react-dom_client.js?v=730424e3:11736:11)
      at runWithFiberInDEV (http://localhost:5173/node_modules/.vite/deps/react-dom_client.js?v=730424e3:1485:72)
      at processDispatchQueue (http://localhost:5173/node_modules/.vite/deps/react-dom_client.js?v=730424e3:11772:37)
      at http://localhost:5173/node_modules/.vite/deps/react-dom_client.js?v=730424e3:12182:11
      at batchedUpdates$1 (http://localhost:5173/node_modules/.vite/deps/react-dom_client.js?v=730424e3:2628:42)
      at dispatchEventForPluginEventSystem (http://localhost:5173/node_modules/.vite/deps/react-dom_client.js?v=730424e3:11877:9)
      at dispatchEvent (http://localhost:5173/node_modules/.vite/deps/react-dom_client.js?v=730424e3:14792:13)
      at dispatchDiscreteEvent (http://localhost:5173/node_modules/.vite/deps/react-dom_client.js?v=730424e3:14773:62) | Details: {"url":"http://localhost:5173/src/pages/Tickets.jsx?t=1748451480737","lineNo":1712,"columnNo":17}
[2025-05-28 22:41:47] [System] [INFO] [server-lifecycle] - Server started and listening on port 3000
[2025-05-28 22:52:43] [System] [INFO] [server-lifecycle] - Server started and listening on port 3000
